{"/home/dylan/telegram-claude-agent/src/bridge/server.ts": {"path":"/home/dylan/telegram-claude-agent/src/bridge/server.ts","statementMap":{"0":{"start":{"line":21,"column":34},"end":{"line":21,"column":null}},"1":{"start":{"line":22,"column":30},"end":{"line":22,"column":null}},"2":{"start":{"line":23,"column":52},"end":{"line":23,"column":null}},"3":{"start":{"line":24,"column":30},"end":{"line":24,"column":null}},"4":{"start":{"line":25,"column":28},"end":{"line":25,"column":null}},"5":{"start":{"line":26,"column":19},"end":{"line":26,"column":null}},"6":{"start":{"line":27,"column":33},"end":{"line":27,"column":null}},"7":{"start":{"line":28,"column":26},"end":{"line":28,"column":74}},"8":{"start":{"line":30,"column":26},"end":{"line":30,"column":null}},"9":{"start":{"line":33,"column":2},"end":{"line":33,"column":null}},"10":{"start":{"line":37,"column":21},"end":{"line":37,"column":null}},"11":{"start":{"line":44,"column":2},"end":{"line":48,"column":null}},"12":{"start":{"line":46,"column":4},"end":{"line":46,"column":null}},"13":{"start":{"line":47,"column":4},"end":{"line":47,"column":null}},"14":{"start":{"line":48,"column":4},"end":{"line":48,"column":null}},"15":{"start":{"line":50,"column":2},"end":{"line":50,"column":null}},"16":{"start":{"line":51,"column":2},"end":{"line":51,"column":null}},"17":{"start":{"line":52,"column":2},"end":{"line":52,"column":null}},"18":{"start":{"line":53,"column":2},"end":{"line":53,"column":null}},"19":{"start":{"line":54,"column":2},"end":{"line":54,"column":null}},"20":{"start":{"line":55,"column":2},"end":{"line":55,"column":null}},"21":{"start":{"line":56,"column":2},"end":{"line":56,"column":null}},"22":{"start":{"line":57,"column":2},"end":{"line":57,"column":null}},"23":{"start":{"line":61,"column":2},"end":{"line":61,"column":null}},"24":{"start":{"line":66,"column":2},"end":{"line":68,"column":null}},"25":{"start":{"line":67,"column":4},"end":{"line":67,"column":null}},"26":{"start":{"line":68,"column":4},"end":{"line":68,"column":null}},"27":{"start":{"line":70,"column":2},"end":{"line":70,"column":null}},"28":{"start":{"line":71,"column":2},"end":{"line":73,"column":null}},"29":{"start":{"line":72,"column":4},"end":{"line":72,"column":null}},"30":{"start":{"line":73,"column":4},"end":{"line":73,"column":null}},"31":{"start":{"line":75,"column":2},"end":{"line":75,"column":null}},"32":{"start":{"line":76,"column":2},"end":{"line":76,"column":null}},"33":{"start":{"line":77,"column":2},"end":{"line":77,"column":null}},"34":{"start":{"line":78,"column":2},"end":{"line":78,"column":null}},"35":{"start":{"line":79,"column":2},"end":{"line":79,"column":null}},"36":{"start":{"line":83,"column":2},"end":{"line":83,"column":null}},"37":{"start":{"line":89,"column":2},"end":{"line":89,"column":null}},"38":{"start":{"line":93,"column":2},"end":{"line":93,"column":null}},"39":{"start":{"line":97,"column":2},"end":{"line":97,"column":null}},"40":{"start":{"line":101,"column":2},"end":{"line":101,"column":null}},"41":{"start":{"line":105,"column":2},"end":{"line":105,"column":null}},"42":{"start":{"line":109,"column":2},"end":{"line":109,"column":null}},"43":{"start":{"line":118,"column":2},"end":{"line":134,"column":null}},"44":{"start":{"line":118,"column":21},"end":{"line":118,"column":24}},"45":{"start":{"line":119,"column":4},"end":{"line":134,"column":null}},"46":{"start":{"line":120,"column":6},"end":{"line":120,"column":null}},"47":{"start":{"line":122,"column":6},"end":{"line":122,"column":null}},"48":{"start":{"line":123,"column":18},"end":{"line":123,"column":66}},"49":{"start":{"line":124,"column":26},"end":{"line":124,"column":46}},"50":{"start":{"line":125,"column":21},"end":{"line":125,"column":null}},"51":{"start":{"line":126,"column":6},"end":{"line":126,"column":null}},"52":{"start":{"line":126,"column":44},"end":{"line":126,"column":null}},"53":{"start":{"line":127,"column":6},"end":{"line":134,"column":null}},"54":{"start":{"line":128,"column":22},"end":{"line":128,"column":49}},"55":{"start":{"line":129,"column":8},"end":{"line":131,"column":null}},"56":{"start":{"line":130,"column":29},"end":{"line":130,"column":66}},"57":{"start":{"line":131,"column":10},"end":{"line":131,"column":null}},"58":{"start":{"line":131,"column":26},"end":{"line":131,"column":null}},"59":{"start":{"line":133,"column":8},"end":{"line":133,"column":null}},"60":{"start":{"line":134,"column":8},"end":{"line":134,"column":null}},"61":{"start":{"line":134,"column":33},"end":{"line":134,"column":55}},"62":{"start":{"line":138,"column":2},"end":{"line":138,"column":null}},"63":{"start":{"line":144,"column":18},"end":{"line":144,"column":null}},"64":{"start":{"line":145,"column":2},"end":{"line":147,"column":null}},"65":{"start":{"line":156,"column":2},"end":{"line":159,"column":null}},"66":{"start":{"line":157,"column":4},"end":{"line":159,"column":null}},"67":{"start":{"line":161,"column":8},"end":{"line":161,"column":43}},"68":{"start":{"line":162,"column":17},"end":{"line":165,"column":null}},"69":{"start":{"line":166,"column":2},"end":{"line":173,"column":null}},"70":{"start":{"line":167,"column":17},"end":{"line":167,"column":64}},"71":{"start":{"line":168,"column":4},"end":{"line":168,"column":null}},"72":{"start":{"line":170,"column":17},"end":{"line":172,"column":6}},"73":{"start":{"line":173,"column":4},"end":{"line":173,"column":null}},"74":{"start":{"line":179,"column":53},"end":{"line":179,"column":null}},"75":{"start":{"line":180,"column":17},"end":{"line":180,"column":null}},"76":{"start":{"line":183,"column":2},"end":{"line":183,"column":null}},"77":{"start":{"line":187,"column":2},"end":{"line":187,"column":null}},"78":{"start":{"line":187,"column":14},"end":{"line":187,"column":null}},"79":{"start":{"line":189,"column":8},"end":{"line":211,"column":null}},"80":{"start":{"line":191,"column":6},"end":{"line":194,"column":null}},"81":{"start":{"line":192,"column":8},"end":{"line":192,"column":null}},"82":{"start":{"line":193,"column":8},"end":{"line":193,"column":null}},"83":{"start":{"line":194,"column":8},"end":{"line":194,"column":null}},"84":{"start":{"line":196,"column":6},"end":{"line":208,"column":null}},"85":{"start":{"line":197,"column":33},"end":{"line":197,"column":35}},"86":{"start":{"line":198,"column":8},"end":{"line":198,"column":null}},"87":{"start":{"line":198,"column":39},"end":{"line":198,"column":null}},"88":{"start":{"line":199,"column":21},"end":{"line":200,"column":null}},"89":{"start":{"line":202,"column":23},"end":{"line":202,"column":47}},"90":{"start":{"line":203,"column":8},"end":{"line":203,"column":null}},"91":{"start":{"line":204,"column":8},"end":{"line":204,"column":null}},"92":{"start":{"line":206,"column":20},"end":{"line":206,"column":68}},"93":{"start":{"line":207,"column":8},"end":{"line":207,"column":null}},"94":{"start":{"line":208,"column":8},"end":{"line":208,"column":null}},"95":{"start":{"line":213,"column":2},"end":{"line":233,"column":null}},"96":{"start":{"line":214,"column":18},"end":{"line":214,"column":null}},"97":{"start":{"line":215,"column":10},"end":{"line":230,"column":null}},"98":{"start":{"line":216,"column":6},"end":{"line":224,"column":null}},"99":{"start":{"line":217,"column":8},"end":{"line":222,"column":null}},"100":{"start":{"line":218,"column":10},"end":{"line":218,"column":null}},"101":{"start":{"line":219,"column":10},"end":{"line":219,"column":null}},"102":{"start":{"line":220,"column":10},"end":{"line":220,"column":null}},"103":{"start":{"line":222,"column":10},"end":{"line":222,"column":null}},"104":{"start":{"line":225,"column":6},"end":{"line":230,"column":null}},"105":{"start":{"line":226,"column":8},"end":{"line":226,"column":null}},"106":{"start":{"line":227,"column":8},"end":{"line":227,"column":null}},"107":{"start":{"line":228,"column":8},"end":{"line":228,"column":null}},"108":{"start":{"line":229,"column":8},"end":{"line":229,"column":null}},"109":{"start":{"line":232,"column":4},"end":{"line":232,"column":null}},"110":{"start":{"line":237,"column":2},"end":{"line":247,"column":null}},"111":{"start":{"line":238,"column":4},"end":{"line":240,"column":null}},"112":{"start":{"line":239,"column":6},"end":{"line":239,"column":null}},"113":{"start":{"line":240,"column":6},"end":{"line":240,"column":null}},"114":{"start":{"line":242,"column":4},"end":{"line":246,"column":null}},"115":{"start":{"line":243,"column":6},"end":{"line":243,"column":null}},"116":{"start":{"line":244,"column":6},"end":{"line":244,"column":null}},"117":{"start":{"line":245,"column":6},"end":{"line":245,"column":null}}},"fnMap":{"0":{"name":"setBridgeBotToken","decl":{"start":{"line":32,"column":16},"end":{"line":32,"column":34}},"loc":{"start":{"line":32,"column":55},"end":{"line":33,"column":null}},"line":32},"1":{"name":"setBridgeContext","decl":{"start":{"line":39,"column":16},"end":{"line":39,"column":null}},"loc":{"start":{"line":43,"column":8},"end":{"line":57,"column":null}},"line":43},"2":{"name":"isBridgeBusy","decl":{"start":{"line":60,"column":16},"end":{"line":60,"column":40}},"loc":{"start":{"line":60,"column":40},"end":{"line":61,"column":null}},"line":60},"3":{"name":"clearBridgeContext","decl":{"start":{"line":65,"column":16},"end":{"line":65,"column":35}},"loc":{"start":{"line":65,"column":67},"end":{"line":79,"column":null}},"line":65},"4":{"name":"getBridgeMessageCount","decl":{"start":{"line":82,"column":16},"end":{"line":82,"column":48}},"loc":{"start":{"line":82,"column":48},"end":{"line":83,"column":null}},"line":82},"5":{"name":"getActiveChatId","decl":{"start":{"line":88,"column":16},"end":{"line":88,"column":49}},"loc":{"start":{"line":88,"column":49},"end":{"line":89,"column":null}},"line":88},"6":{"name":"getBotInstance","decl":{"start":{"line":92,"column":16},"end":{"line":92,"column":45}},"loc":{"start":{"line":92,"column":45},"end":{"line":93,"column":null}},"line":92},"7":{"name":"getInputFileClass","decl":{"start":{"line":96,"column":16},"end":{"line":96,"column":67}},"loc":{"start":{"line":96,"column":67},"end":{"line":97,"column":null}},"line":96},"8":{"name":"getBotToken","decl":{"start":{"line":100,"column":16},"end":{"line":100,"column":45}},"loc":{"start":{"line":100,"column":45},"end":{"line":101,"column":null}},"line":100},"9":{"name":"incrementBridgeMessageCount","decl":{"start":{"line":104,"column":16},"end":{"line":104,"column":52}},"loc":{"start":{"line":104,"column":52},"end":{"line":105,"column":null}},"line":104},"10":{"name":"getScheduledMessages","decl":{"start":{"line":108,"column":16},"end":{"line":108,"column":83}},"loc":{"start":{"line":108,"column":83},"end":{"line":109,"column":null}},"line":108},"11":{"name":"withRetry","decl":{"start":{"line":116,"column":22},"end":{"line":116,"column":35}},"loc":{"start":{"line":116,"column":69},"end":{"line":138,"column":null}},"line":116},"12":{"name":"(anonymous_12)","decl":{"start":{"line":134,"column":18},"end":{"line":134,"column":27}},"loc":{"start":{"line":134,"column":33},"end":{"line":134,"column":55}},"line":134},"13":{"name":"replyParams","decl":{"start":{"line":143,"column":16},"end":{"line":143,"column":28}},"loc":{"start":{"line":143,"column":84},"end":{"line":147,"column":null}},"line":143},"14":{"name":"sendText","decl":{"start":{"line":150,"column":22},"end":{"line":150,"column":null}},"loc":{"start":{"line":155,"column":19},"end":{"line":173,"column":null}},"line":155},"15":{"name":"getBridgePort","decl":{"start":{"line":182,"column":16},"end":{"line":182,"column":40}},"loc":{"start":{"line":182,"column":40},"end":{"line":183,"column":null}},"line":182},"16":{"name":"startBridge","decl":{"start":{"line":186,"column":16},"end":{"line":186,"column":28}},"loc":{"start":{"line":186,"column":59},"end":{"line":233,"column":null}},"line":186},"17":{"name":"(anonymous_17)","decl":{"start":{"line":190,"column":4},"end":{"line":190,"column":11}},"loc":{"start":{"line":190,"column":57},"end":{"line":211,"column":null}},"line":190},"18":{"name":"(anonymous_18)","decl":{"start":{"line":213,"column":13},"end":{"line":213,"column":30}},"loc":{"start":{"line":213,"column":50},"end":{"line":233,"column":null}},"line":213},"19":{"name":"(anonymous_19)","decl":{"start":{"line":215,"column":10},"end":{"line":215,"column":21}},"loc":{"start":{"line":215,"column":35},"end":{"line":230,"column":null}},"line":215},"20":{"name":"(anonymous_20)","decl":{"start":{"line":216,"column":22},"end":{"line":216,"column":32}},"loc":{"start":{"line":216,"column":63},"end":{"line":224,"column":null}},"line":216},"21":{"name":"(anonymous_21)","decl":{"start":{"line":225,"column":27},"end":{"line":225,"column":46}},"loc":{"start":{"line":225,"column":46},"end":{"line":230,"column":null}},"line":225},"22":{"name":"stopBridge","decl":{"start":{"line":236,"column":16},"end":{"line":236,"column":44}},"loc":{"start":{"line":236,"column":44},"end":{"line":247,"column":null}},"line":236},"23":{"name":"(anonymous_23)","decl":{"start":{"line":237,"column":13},"end":{"line":237,"column":22}},"loc":{"start":{"line":237,"column":34},"end":{"line":247,"column":null}},"line":237},"24":{"name":"(anonymous_24)","decl":{"start":{"line":242,"column":11},"end":{"line":242,"column":23}},"loc":{"start":{"line":242,"column":23},"end":{"line":246,"column":null}},"line":242}},"branchMap":{"0":{"loc":{"start":{"line":44,"column":2},"end":{"line":48,"column":null}},"type":"if","locations":[{"start":{"line":44,"column":2},"end":{"line":48,"column":null}},{"start":{},"end":{}}],"line":44},"1":{"loc":{"start":{"line":66,"column":2},"end":{"line":68,"column":null}},"type":"if","locations":[{"start":{"line":66,"column":2},"end":{"line":68,"column":null}},{"start":{},"end":{}}],"line":66},"2":{"loc":{"start":{"line":66,"column":6},"end":{"line":66,"column":60}},"type":"binary-expr","locations":[{"start":{"line":66,"column":6},"end":{"line":66,"column":30}},{"start":{"line":66,"column":30},"end":{"line":66,"column":60}}],"line":66},"3":{"loc":{"start":{"line":71,"column":2},"end":{"line":73,"column":null}},"type":"if","locations":[{"start":{"line":71,"column":2},"end":{"line":73,"column":null}},{"start":{},"end":{}}],"line":71},"4":{"loc":{"start":{"line":72,"column":44},"end":{"line":72,"column":58}},"type":"binary-expr","locations":[{"start":{"line":72,"column":44},"end":{"line":72,"column":54}},{"start":{"line":72,"column":54},"end":{"line":72,"column":58}}],"line":72},"5":{"loc":{"start":{"line":75,"column":44},"end":{"line":75,"column":58}},"type":"binary-expr","locations":[{"start":{"line":75,"column":44},"end":{"line":75,"column":54}},{"start":{"line":75,"column":54},"end":{"line":75,"column":58}}],"line":75},"6":{"loc":{"start":{"line":123,"column":18},"end":{"line":123,"column":66}},"type":"cond-expr","locations":[{"start":{"line":123,"column":41},"end":{"line":123,"column":55}},{"start":{"line":123,"column":55},"end":{"line":123,"column":66}}],"line":123},"7":{"loc":{"start":{"line":125,"column":21},"end":{"line":125,"column":null}},"type":"cond-expr","locations":[{"start":{"line":125,"column":35},"end":{"line":125,"column":63}},{"start":{"line":125,"column":66},"end":{"line":125,"column":null}}],"line":125},"8":{"loc":{"start":{"line":126,"column":6},"end":{"line":126,"column":null}},"type":"if","locations":[{"start":{"line":126,"column":6},"end":{"line":126,"column":null}},{"start":{},"end":{}}],"line":126},"9":{"loc":{"start":{"line":126,"column":10},"end":{"line":126,"column":44}},"type":"binary-expr","locations":[{"start":{"line":126,"column":10},"end":{"line":126,"column":28}},{"start":{"line":126,"column":28},"end":{"line":126,"column":44}}],"line":126},"10":{"loc":{"start":{"line":127,"column":6},"end":{"line":134,"column":null}},"type":"if","locations":[{"start":{"line":127,"column":6},"end":{"line":134,"column":null}},{"start":{},"end":{}}],"line":127},"11":{"loc":{"start":{"line":129,"column":8},"end":{"line":131,"column":null}},"type":"if","locations":[{"start":{"line":129,"column":8},"end":{"line":131,"column":null}},{"start":{},"end":{}}],"line":129},"12":{"loc":{"start":{"line":131,"column":10},"end":{"line":131,"column":null}},"type":"if","locations":[{"start":{"line":131,"column":10},"end":{"line":131,"column":null}},{"start":{},"end":{}}],"line":131},"13":{"loc":{"start":{"line":144,"column":18},"end":{"line":144,"column":null}},"type":"binary-expr","locations":[{"start":{"line":144,"column":18},"end":{"line":144,"column":35}},{"start":{"line":144,"column":35},"end":{"line":144,"column":null}}],"line":144},"14":{"loc":{"start":{"line":145,"column":9},"end":{"line":147,"column":null}},"type":"cond-expr","locations":[{"start":{"line":146,"column":6},"end":{"line":146,"column":29}},{"start":{"line":147,"column":6},"end":{"line":147,"column":null}}],"line":145},"15":{"loc":{"start":{"line":145,"column":9},"end":{"line":145,"column":null}},"type":"binary-expr","locations":[{"start":{"line":145,"column":9},"end":{"line":145,"column":40}},{"start":{"line":145,"column":40},"end":{"line":145,"column":null}}],"line":145},"16":{"loc":{"start":{"line":156,"column":2},"end":{"line":159,"column":null}},"type":"if","locations":[{"start":{"line":156,"column":2},"end":{"line":159,"column":null}},{"start":{},"end":{}}],"line":156},"17":{"loc":{"start":{"line":164,"column":22},"end":{"line":164,"column":null}},"type":"cond-expr","locations":[{"start":{"line":164,"column":32},"end":{"line":164,"column":55}},{"start":{"line":164,"column":58},"end":{"line":164,"column":null}}],"line":164},"18":{"loc":{"start":{"line":186,"column":28},"end":{"line":186,"column":59}},"type":"default-arg","locations":[{"start":{"line":186,"column":35},"end":{"line":186,"column":59}}],"line":186},"19":{"loc":{"start":{"line":187,"column":2},"end":{"line":187,"column":null}},"type":"if","locations":[{"start":{"line":187,"column":2},"end":{"line":187,"column":null}},{"start":{},"end":{}}],"line":187},"20":{"loc":{"start":{"line":191,"column":6},"end":{"line":194,"column":null}},"type":"if","locations":[{"start":{"line":191,"column":6},"end":{"line":194,"column":null}},{"start":{},"end":{}}],"line":191},"21":{"loc":{"start":{"line":191,"column":10},"end":{"line":191,"column":58}},"type":"binary-expr","locations":[{"start":{"line":191,"column":10},"end":{"line":191,"column":35}},{"start":{"line":191,"column":35},"end":{"line":191,"column":58}}],"line":191},"22":{"loc":{"start":{"line":206,"column":20},"end":{"line":206,"column":68}},"type":"cond-expr","locations":[{"start":{"line":206,"column":43},"end":{"line":206,"column":57}},{"start":{"line":206,"column":57},"end":{"line":206,"column":68}}],"line":206},"23":{"loc":{"start":{"line":217,"column":8},"end":{"line":222,"column":null}},"type":"if","locations":[{"start":{"line":217,"column":8},"end":{"line":222,"column":null}},{"start":{"line":221,"column":15},"end":{"line":222,"column":null}}],"line":217},"24":{"loc":{"start":{"line":217,"column":12},"end":{"line":217,"column":54}},"type":"binary-expr","locations":[{"start":{"line":217,"column":12},"end":{"line":217,"column":41}},{"start":{"line":217,"column":41},"end":{"line":217,"column":54}}],"line":217},"25":{"loc":{"start":{"line":238,"column":4},"end":{"line":240,"column":null}},"type":"if","locations":[{"start":{"line":238,"column":4},"end":{"line":240,"column":null}},{"start":{},"end":{}}],"line":238}},"s":{"0":2,"1":2,"2":2,"3":2,"4":2,"5":2,"6":2,"7":2,"8":2,"9":1,"10":2,"11":11,"12":1,"13":1,"14":1,"15":10,"16":10,"17":10,"18":10,"19":10,"20":10,"21":10,"22":10,"23":13,"24":346,"25":1,"26":1,"27":345,"28":345,"29":1,"30":1,"31":344,"32":346,"33":346,"34":346,"35":346,"36":4,"37":7,"38":0,"39":0,"40":1,"41":2,"42":1,"43":5,"44":5,"45":8,"46":8,"47":6,"48":6,"49":6,"50":6,"51":6,"52":2,"53":4,"54":3,"55":3,"56":0,"57":0,"58":0,"59":3,"60":3,"61":3,"62":4,"63":6,"64":6,"65":4,"66":1,"67":3,"68":3,"69":4,"70":4,"71":2,"72":1,"73":1,"74":2,"75":2,"76":2,"77":6,"78":1,"79":5,"80":3,"81":1,"82":1,"83":1,"84":2,"85":2,"86":2,"87":2,"88":2,"89":2,"90":1,"91":1,"92":1,"93":1,"94":1,"95":5,"96":5,"97":5,"98":5,"99":0,"100":0,"101":0,"102":0,"103":0,"104":5,"105":5,"106":5,"107":5,"108":5,"109":5,"110":8,"111":8,"112":3,"113":3,"114":5,"115":5,"116":5,"117":5},"f":{"0":1,"1":11,"2":13,"3":346,"4":4,"5":7,"6":0,"7":0,"8":1,"9":2,"10":1,"11":5,"12":3,"13":6,"14":4,"15":2,"16":6,"17":3,"18":5,"19":5,"20":0,"21":5,"22":8,"23":8,"24":5},"b":{"0":[1,10],"1":[1,345],"2":[346,6],"3":[1,344],"4":[1,0],"5":[344,340],"6":[6,0],"7":[6,0],"8":[2,4],"9":[6,5],"10":[3,1],"11":[0,3],"12":[0,0],"13":[6,2],"14":[2,4],"15":[6,4],"16":[1,3],"17":[1,2],"18":[6],"19":[1,5],"20":[1,2],"21":[3,2],"22":[1,0],"23":[0,0],"24":[0,0],"25":[3,5]},"meta":{"lastBranch":26,"lastFunction":25,"lastStatement":118,"seen":{"s:21:34:21:Infinity":0,"s:22:30:22:Infinity":1,"s:23:52:23:Infinity":2,"s:24:30:24:Infinity":3,"s:25:28:25:Infinity":4,"s:26:19:26:Infinity":5,"s:27:33:27:Infinity":6,"s:28:26:28:74":7,"s:30:26:30:Infinity":8,"f:32:16:32:34":0,"s:33:2:33:Infinity":9,"s:37:21:37:Infinity":10,"f:39:16:39:Infinity":1,"b:44:2:48:Infinity:undefined:undefined:undefined:undefined":0,"s:44:2:48:Infinity":11,"s:46:4:46:Infinity":12,"s:47:4:47:Infinity":13,"s:48:4:48:Infinity":14,"s:50:2:50:Infinity":15,"s:51:2:51:Infinity":16,"s:52:2:52:Infinity":17,"s:53:2:53:Infinity":18,"s:54:2:54:Infinity":19,"s:55:2:55:Infinity":20,"s:56:2:56:Infinity":21,"s:57:2:57:Infinity":22,"f:60:16:60:40":2,"s:61:2:61:Infinity":23,"f:65:16:65:35":3,"b:66:2:68:Infinity:undefined:undefined:undefined:undefined":1,"s:66:2:68:Infinity":24,"b:66:6:66:30:66:30:66:60":2,"s:67:4:67:Infinity":25,"s:68:4:68:Infinity":26,"s:70:2:70:Infinity":27,"b:71:2:73:Infinity:undefined:undefined:undefined:undefined":3,"s:71:2:73:Infinity":28,"s:72:4:72:Infinity":29,"b:72:44:72:54:72:54:72:58":4,"s:73:4:73:Infinity":30,"s:75:2:75:Infinity":31,"b:75:44:75:54:75:54:75:58":5,"s:76:2:76:Infinity":32,"s:77:2:77:Infinity":33,"s:78:2:78:Infinity":34,"s:79:2:79:Infinity":35,"f:82:16:82:48":4,"s:83:2:83:Infinity":36,"f:88:16:88:49":5,"s:89:2:89:Infinity":37,"f:92:16:92:45":6,"s:93:2:93:Infinity":38,"f:96:16:96:67":7,"s:97:2:97:Infinity":39,"f:100:16:100:45":8,"s:101:2:101:Infinity":40,"f:104:16:104:52":9,"s:105:2:105:Infinity":41,"f:108:16:108:83":10,"s:109:2:109:Infinity":42,"f:116:22:116:35":11,"s:118:2:134:Infinity":43,"s:118:21:118:24":44,"s:119:4:134:Infinity":45,"s:120:6:120:Infinity":46,"s:122:6:122:Infinity":47,"s:123:18:123:66":48,"b:123:41:123:55:123:55:123:66":6,"s:124:26:124:46":49,"s:125:21:125:Infinity":50,"b:125:35:125:63:125:66:125:Infinity":7,"b:126:6:126:Infinity:undefined:undefined:undefined:undefined":8,"s:126:6:126:Infinity":51,"b:126:10:126:28:126:28:126:44":9,"s:126:44:126:Infinity":52,"b:127:6:134:Infinity:undefined:undefined:undefined:undefined":10,"s:127:6:134:Infinity":53,"s:128:22:128:49":54,"b:129:8:131:Infinity:undefined:undefined:undefined:undefined":11,"s:129:8:131:Infinity":55,"s:130:29:130:66":56,"b:131:10:131:Infinity:undefined:undefined:undefined:undefined":12,"s:131:10:131:Infinity":57,"s:131:26:131:Infinity":58,"s:133:8:133:Infinity":59,"s:134:8:134:Infinity":60,"f:134:18:134:27":12,"s:134:33:134:55":61,"s:138:2:138:Infinity":62,"f:143:16:143:28":13,"s:144:18:144:Infinity":63,"b:144:18:144:35:144:35:144:Infinity":13,"s:145:2:147:Infinity":64,"b:146:6:146:29:147:6:147:Infinity":14,"b:145:9:145:40:145:40:145:Infinity":15,"f:150:22:150:Infinity":14,"b:156:2:159:Infinity:undefined:undefined:undefined:undefined":16,"s:156:2:159:Infinity":65,"s:157:4:159:Infinity":66,"s:161:8:161:43":67,"s:162:17:165:Infinity":68,"b:164:32:164:55:164:58:164:Infinity":17,"s:166:2:173:Infinity":69,"s:167:17:167:64":70,"s:168:4:168:Infinity":71,"s:170:17:172:6":72,"s:173:4:173:Infinity":73,"s:179:53:179:Infinity":74,"s:180:17:180:Infinity":75,"f:182:16:182:40":15,"s:183:2:183:Infinity":76,"f:186:16:186:28":16,"b:186:35:186:59":18,"b:187:2:187:Infinity:undefined:undefined:undefined:undefined":19,"s:187:2:187:Infinity":77,"s:187:14:187:Infinity":78,"s:189:8:211:Infinity":79,"f:190:4:190:11":17,"b:191:6:194:Infinity:undefined:undefined:undefined:undefined":20,"s:191:6:194:Infinity":80,"b:191:10:191:35:191:35:191:58":21,"s:192:8:192:Infinity":81,"s:193:8:193:Infinity":82,"s:194:8:194:Infinity":83,"s:196:6:208:Infinity":84,"s:197:33:197:35":85,"s:198:8:198:Infinity":86,"s:198:39:198:Infinity":87,"s:199:21:200:Infinity":88,"s:202:23:202:47":89,"s:203:8:203:Infinity":90,"s:204:8:204:Infinity":91,"s:206:20:206:68":92,"b:206:43:206:57:206:57:206:68":22,"s:207:8:207:Infinity":93,"s:208:8:208:Infinity":94,"s:213:2:233:Infinity":95,"f:213:13:213:30":18,"s:214:18:214:Infinity":96,"s:215:10:230:Infinity":97,"f:215:10:215:21":19,"s:216:6:224:Infinity":98,"f:216:22:216:32":20,"b:217:8:222:Infinity:221:15:222:Infinity":23,"s:217:8:222:Infinity":99,"b:217:12:217:41:217:41:217:54":24,"s:218:10:218:Infinity":100,"s:219:10:219:Infinity":101,"s:220:10:220:Infinity":102,"s:222:10:222:Infinity":103,"s:225:6:230:Infinity":104,"f:225:27:225:46":21,"s:226:8:226:Infinity":105,"s:227:8:227:Infinity":106,"s:228:8:228:Infinity":107,"s:229:8:229:Infinity":108,"s:232:4:232:Infinity":109,"f:236:16:236:44":22,"s:237:2:247:Infinity":110,"f:237:13:237:22":23,"b:238:4:240:Infinity:undefined:undefined:undefined:undefined":25,"s:238:4:240:Infinity":111,"s:239:6:239:Infinity":112,"s:240:6:240:Infinity":113,"s:242:4:246:Infinity":114,"f:242:11:242:23":24,"s:243:6:243:Infinity":115,"s:244:6:244:Infinity":116,"s:245:6:245:Infinity":117}}}
,"/home/dylan/telegram-claude-agent/src/storage/chat-settings.ts": {"path":"/home/dylan/telegram-claude-agent/src/storage/chat-settings.ts","statementMap":{"0":{"start":{"line":23,"column":6},"end":{"line":23,"column":76}},"1":{"start":{"line":24,"column":42},"end":{"line":24,"column":44}},"2":{"start":{"line":25,"column":12},"end":{"line":25,"column":null}},"3":{"start":{"line":28,"column":2},"end":{"line":33,"column":null}},"4":{"start":{"line":29,"column":4},"end":{"line":30,"column":null}},"5":{"start":{"line":30,"column":6},"end":{"line":30,"column":null}},"6":{"start":{"line":33,"column":4},"end":{"line":33,"column":null}},"7":{"start":{"line":36,"column":17},"end":{"line":36,"column":null}},"8":{"start":{"line":37,"column":2},"end":{"line":57,"column":null}},"9":{"start":{"line":38,"column":16},"end":{"line":38,"column":null}},"10":{"start":{"line":39,"column":4},"end":{"line":57,"column":null}},"11":{"start":{"line":40,"column":21},"end":{"line":40,"column":50}},"12":{"start":{"line":42,"column":6},"end":{"line":46,"column":null}},"13":{"start":{"line":42,"column":24},"end":{"line":42,"column":null}},"14":{"start":{"line":43,"column":15},"end":{"line":46,"column":null}},"15":{"start":{"line":43,"column":31},"end":{"line":43,"column":null}},"16":{"start":{"line":44,"column":15},"end":{"line":46,"column":null}},"17":{"start":{"line":44,"column":31},"end":{"line":44,"column":null}},"18":{"start":{"line":45,"column":15},"end":{"line":46,"column":null}},"19":{"start":{"line":45,"column":32},"end":{"line":45,"column":null}},"20":{"start":{"line":46,"column":11},"end":{"line":46,"column":null}},"21":{"start":{"line":47,"column":6},"end":{"line":47,"column":null}},"22":{"start":{"line":48,"column":6},"end":{"line":48,"column":null}},"23":{"start":{"line":49,"column":6},"end":{"line":49,"column":null}},"24":{"start":{"line":50,"column":6},"end":{"line":53,"column":null}},"25":{"start":{"line":54,"column":15},"end":{"line":57,"column":null}},"26":{"start":{"line":56,"column":6},"end":{"line":56,"column":null}},"27":{"start":{"line":57,"column":6},"end":{"line":57,"column":null}},"28":{"start":{"line":60,"column":2},"end":{"line":66,"column":null}},"29":{"start":{"line":61,"column":4},"end":{"line":61,"column":null}},"30":{"start":{"line":62,"column":4},"end":{"line":62,"column":null}},"31":{"start":{"line":63,"column":4},"end":{"line":66,"column":null}},"32":{"start":{"line":71,"column":2},"end":{"line":71,"column":null}},"33":{"start":{"line":71,"column":14},"end":{"line":71,"column":null}},"34":{"start":{"line":72,"column":2},"end":{"line":77,"column":null}},"35":{"start":{"line":73,"column":10},"end":{"line":73,"column":35}},"36":{"start":{"line":74,"column":4},"end":{"line":74,"column":null}},"37":{"start":{"line":74,"column":26},"end":{"line":74,"column":null}},"38":{"start":{"line":75,"column":4},"end":{"line":75,"column":null}},"39":{"start":{"line":76,"column":4},"end":{"line":76,"column":null}},"40":{"start":{"line":82,"column":0},"end":{"line":82,"column":null}},"41":{"start":{"line":83,"column":0},"end":{"line":83,"column":null}},"42":{"start":{"line":86,"column":2},"end":{"line":86,"column":null}},"43":{"start":{"line":90,"column":2},"end":{"line":90,"column":null}},"44":{"start":{"line":90,"column":22},"end":{"line":90,"column":null}},"45":{"start":{"line":91,"column":2},"end":{"line":94,"column":null}},"46":{"start":{"line":92,"column":4},"end":{"line":92,"column":null}},"47":{"start":{"line":94,"column":4},"end":{"line":94,"column":null}},"48":{"start":{"line":96,"column":2},"end":{"line":96,"column":null}},"49":{"start":{"line":97,"column":2},"end":{"line":97,"column":null}},"50":{"start":{"line":104,"column":2},"end":{"line":104,"column":null}},"51":{"start":{"line":104,"column":22},"end":{"line":104,"column":null}},"52":{"start":{"line":105,"column":2},"end":{"line":108,"column":null}},"53":{"start":{"line":106,"column":4},"end":{"line":106,"column":null}},"54":{"start":{"line":108,"column":4},"end":{"line":108,"column":null}},"55":{"start":{"line":110,"column":2},"end":{"line":110,"column":null}},"56":{"start":{"line":111,"column":2},"end":{"line":111,"column":null}},"57":{"start":{"line":118,"column":2},"end":{"line":118,"column":null}},"58":{"start":{"line":118,"column":22},"end":{"line":118,"column":null}},"59":{"start":{"line":119,"column":2},"end":{"line":122,"column":null}},"60":{"start":{"line":120,"column":4},"end":{"line":120,"column":null}},"61":{"start":{"line":122,"column":4},"end":{"line":122,"column":null}},"62":{"start":{"line":124,"column":2},"end":{"line":124,"column":null}},"63":{"start":{"line":125,"column":2},"end":{"line":125,"column":null}},"64":{"start":{"line":132,"column":2},"end":{"line":132,"column":null}},"65":{"start":{"line":132,"column":22},"end":{"line":132,"column":null}},"66":{"start":{"line":133,"column":2},"end":{"line":136,"column":null}},"67":{"start":{"line":134,"column":4},"end":{"line":134,"column":null}},"68":{"start":{"line":136,"column":4},"end":{"line":136,"column":null}},"69":{"start":{"line":138,"column":2},"end":{"line":138,"column":null}},"70":{"start":{"line":139,"column":2},"end":{"line":139,"column":null}},"71":{"start":{"line":144,"column":2},"end":{"line":146,"column":null}},"72":{"start":{"line":145,"column":23},"end":{"line":145,"column":40}},"73":{"start":{"line":146,"column":19},"end":{"line":146,"column":22}},"74":{"start":{"line":150,"column":44},"end":{"line":156,"column":null}},"75":{"start":{"line":159,"column":53},"end":{"line":169,"column":null}},"76":{"start":{"line":172,"column":16},"end":{"line":172,"column":42}},"77":{"start":{"line":173,"column":2},"end":{"line":173,"column":null}}},"fnMap":{"0":{"name":"loadChatSettings","decl":{"start":{"line":27,"column":16},"end":{"line":27,"column":41}},"loc":{"start":{"line":27,"column":41},"end":{"line":66,"column":null}},"line":27},"1":{"name":"save","decl":{"start":{"line":70,"column":9},"end":{"line":70,"column":22}},"loc":{"start":{"line":70,"column":22},"end":{"line":77,"column":null}},"line":70},"2":{"name":"getChatSettings","decl":{"start":{"line":85,"column":16},"end":{"line":85,"column":32}},"loc":{"start":{"line":85,"column":62},"end":{"line":86,"column":null}},"line":85},"3":{"name":"setChatModel","decl":{"start":{"line":89,"column":16},"end":{"line":89,"column":29}},"loc":{"start":{"line":89,"column":78},"end":{"line":97,"column":null}},"line":89},"4":{"name":"setChatEffort","decl":{"start":{"line":100,"column":16},"end":{"line":100,"column":null}},"loc":{"start":{"line":103,"column":8},"end":{"line":111,"column":null}},"line":103},"5":{"name":"setChatPulse","decl":{"start":{"line":114,"column":16},"end":{"line":114,"column":null}},"loc":{"start":{"line":117,"column":8},"end":{"line":125,"column":null}},"line":117},"6":{"name":"setChatPulseInterval","decl":{"start":{"line":128,"column":16},"end":{"line":128,"column":null}},"loc":{"start":{"line":131,"column":8},"end":{"line":139,"column":null}},"line":131},"7":{"name":"getRegisteredPulseChats","decl":{"start":{"line":143,"column":16},"end":{"line":143,"column":52}},"loc":{"start":{"line":143,"column":52},"end":{"line":146,"column":null}},"line":143},"8":{"name":"(anonymous_8)","decl":{"start":{"line":145,"column":5},"end":{"line":145,"column":13}},"loc":{"start":{"line":145,"column":23},"end":{"line":145,"column":40}},"line":145},"9":{"name":"(anonymous_9)","decl":{"start":{"line":146,"column":5},"end":{"line":146,"column":10}},"loc":{"start":{"line":146,"column":19},"end":{"line":146,"column":22}},"line":146},"10":{"name":"resolveModelName","decl":{"start":{"line":171,"column":16},"end":{"line":171,"column":33}},"loc":{"start":{"line":171,"column":56},"end":{"line":173,"column":null}},"line":171}},"branchMap":{"0":{"loc":{"start":{"line":29,"column":4},"end":{"line":30,"column":null}},"type":"if","locations":[{"start":{"line":29,"column":4},"end":{"line":30,"column":null}},{"start":{},"end":{}}],"line":29},"1":{"loc":{"start":{"line":39,"column":4},"end":{"line":57,"column":null}},"type":"if","locations":[{"start":{"line":39,"column":4},"end":{"line":57,"column":null}},{"start":{"line":54,"column":15},"end":{"line":57,"column":null}}],"line":39},"2":{"loc":{"start":{"line":39,"column":8},"end":{"line":39,"column":56}},"type":"binary-expr","locations":[{"start":{"line":39,"column":8},"end":{"line":39,"column":38}},{"start":{"line":39,"column":38},"end":{"line":39,"column":56}}],"line":39},"3":{"loc":{"start":{"line":42,"column":6},"end":{"line":46,"column":null}},"type":"if","locations":[{"start":{"line":42,"column":6},"end":{"line":46,"column":null}},{"start":{"line":43,"column":15},"end":{"line":46,"column":null}}],"line":42},"4":{"loc":{"start":{"line":43,"column":15},"end":{"line":46,"column":null}},"type":"if","locations":[{"start":{"line":43,"column":15},"end":{"line":46,"column":null}},{"start":{"line":44,"column":15},"end":{"line":46,"column":null}}],"line":43},"5":{"loc":{"start":{"line":44,"column":15},"end":{"line":46,"column":null}},"type":"if","locations":[{"start":{"line":44,"column":15},"end":{"line":46,"column":null}},{"start":{"line":45,"column":15},"end":{"line":46,"column":null}}],"line":44},"6":{"loc":{"start":{"line":45,"column":15},"end":{"line":46,"column":null}},"type":"if","locations":[{"start":{"line":45,"column":15},"end":{"line":46,"column":null}},{"start":{"line":46,"column":11},"end":{"line":46,"column":null}}],"line":45},"7":{"loc":{"start":{"line":54,"column":15},"end":{"line":57,"column":null}},"type":"if","locations":[{"start":{"line":54,"column":15},"end":{"line":57,"column":null}},{"start":{},"end":{}}],"line":54},"8":{"loc":{"start":{"line":60,"column":2},"end":{"line":66,"column":null}},"type":"if","locations":[{"start":{"line":60,"column":2},"end":{"line":66,"column":null}},{"start":{},"end":{}}],"line":60},"9":{"loc":{"start":{"line":71,"column":2},"end":{"line":71,"column":null}},"type":"if","locations":[{"start":{"line":71,"column":2},"end":{"line":71,"column":null}},{"start":{},"end":{}}],"line":71},"10":{"loc":{"start":{"line":74,"column":4},"end":{"line":74,"column":null}},"type":"if","locations":[{"start":{"line":74,"column":4},"end":{"line":74,"column":null}},{"start":{},"end":{}}],"line":74},"11":{"loc":{"start":{"line":86,"column":9},"end":{"line":86,"column":28}},"type":"binary-expr","locations":[{"start":{"line":86,"column":9},"end":{"line":86,"column":26}},{"start":{"line":86,"column":26},"end":{"line":86,"column":28}}],"line":86},"12":{"loc":{"start":{"line":90,"column":2},"end":{"line":90,"column":null}},"type":"if","locations":[{"start":{"line":90,"column":2},"end":{"line":90,"column":null}},{"start":{},"end":{}}],"line":90},"13":{"loc":{"start":{"line":91,"column":2},"end":{"line":94,"column":null}},"type":"if","locations":[{"start":{"line":91,"column":2},"end":{"line":94,"column":null}},{"start":{"line":93,"column":9},"end":{"line":94,"column":null}}],"line":91},"14":{"loc":{"start":{"line":104,"column":2},"end":{"line":104,"column":null}},"type":"if","locations":[{"start":{"line":104,"column":2},"end":{"line":104,"column":null}},{"start":{},"end":{}}],"line":104},"15":{"loc":{"start":{"line":105,"column":2},"end":{"line":108,"column":null}},"type":"if","locations":[{"start":{"line":105,"column":2},"end":{"line":108,"column":null}},{"start":{"line":107,"column":9},"end":{"line":108,"column":null}}],"line":105},"16":{"loc":{"start":{"line":118,"column":2},"end":{"line":118,"column":null}},"type":"if","locations":[{"start":{"line":118,"column":2},"end":{"line":118,"column":null}},{"start":{},"end":{}}],"line":118},"17":{"loc":{"start":{"line":119,"column":2},"end":{"line":122,"column":null}},"type":"if","locations":[{"start":{"line":119,"column":2},"end":{"line":122,"column":null}},{"start":{"line":121,"column":9},"end":{"line":122,"column":null}}],"line":119},"18":{"loc":{"start":{"line":132,"column":2},"end":{"line":132,"column":null}},"type":"if","locations":[{"start":{"line":132,"column":2},"end":{"line":132,"column":null}},{"start":{},"end":{}}],"line":132},"19":{"loc":{"start":{"line":133,"column":2},"end":{"line":136,"column":null}},"type":"if","locations":[{"start":{"line":133,"column":2},"end":{"line":136,"column":null}},{"start":{"line":135,"column":9},"end":{"line":136,"column":null}}],"line":133},"20":{"loc":{"start":{"line":173,"column":9},"end":{"line":173,"column":45}},"type":"binary-expr","locations":[{"start":{"line":173,"column":9},"end":{"line":173,"column":33}},{"start":{"line":173,"column":33},"end":{"line":173,"column":45}}],"line":173}},"s":{"0":1,"1":1,"2":1,"3":8,"4":8,"5":7,"6":1,"7":8,"8":8,"9":7,"10":7,"11":5,"12":5,"13":1,"14":4,"15":1,"16":3,"17":1,"18":2,"19":1,"20":1,"21":5,"22":5,"23":5,"24":5,"25":2,"26":1,"27":1,"28":8,"29":6,"30":6,"31":6,"32":31,"33":0,"34":31,"35":31,"36":31,"37":25,"38":31,"39":31,"40":1,"41":1,"42":22,"43":4,"44":3,"45":4,"46":3,"47":1,"48":4,"49":4,"50":8,"51":7,"52":8,"53":7,"54":1,"55":8,"56":8,"57":8,"58":6,"59":8,"60":7,"61":1,"62":8,"63":8,"64":5,"65":3,"66":5,"67":4,"68":1,"69":5,"70":5,"71":2,"72":37,"73":6,"74":1,"75":1,"76":14,"77":14},"f":{"0":8,"1":31,"2":22,"3":4,"4":8,"5":8,"6":5,"7":2,"8":37,"9":6,"10":14},"b":{"0":[7,1],"1":[5,2],"2":[7,6],"3":[1,4],"4":[1,3],"5":[1,2],"6":[1,1],"7":[1,1],"8":[6,2],"9":[0,31],"10":[25,6],"11":[22,1],"12":[3,1],"13":[3,1],"14":[7,1],"15":[7,1],"16":[6,2],"17":[7,1],"18":[3,2],"19":[4,1],"20":[14,2]},"meta":{"lastBranch":21,"lastFunction":11,"lastStatement":78,"seen":{"s:23:6:23:76":0,"s:24:42:24:44":1,"s:25:12:25:Infinity":2,"f:27:16:27:41":0,"s:28:2:33:Infinity":3,"b:29:4:30:Infinity:undefined:undefined:undefined:undefined":0,"s:29:4:30:Infinity":4,"s:30:6:30:Infinity":5,"s:33:4:33:Infinity":6,"s:36:17:36:Infinity":7,"s:37:2:57:Infinity":8,"s:38:16:38:Infinity":9,"b:39:4:57:Infinity:54:15:57:Infinity":1,"s:39:4:57:Infinity":10,"b:39:8:39:38:39:38:39:56":2,"s:40:21:40:50":11,"b:42:6:46:Infinity:43:15:46:Infinity":3,"s:42:6:46:Infinity":12,"s:42:24:42:Infinity":13,"b:43:15:46:Infinity:44:15:46:Infinity":4,"s:43:15:46:Infinity":14,"s:43:31:43:Infinity":15,"b:44:15:46:Infinity:45:15:46:Infinity":5,"s:44:15:46:Infinity":16,"s:44:31:44:Infinity":17,"b:45:15:46:Infinity:46:11:46:Infinity":6,"s:45:15:46:Infinity":18,"s:45:32:45:Infinity":19,"s:46:11:46:Infinity":20,"s:47:6:47:Infinity":21,"s:48:6:48:Infinity":22,"s:49:6:49:Infinity":23,"s:50:6:53:Infinity":24,"b:54:15:57:Infinity:undefined:undefined:undefined:undefined":7,"s:54:15:57:Infinity":25,"s:56:6:56:Infinity":26,"s:57:6:57:Infinity":27,"b:60:2:66:Infinity:undefined:undefined:undefined:undefined":8,"s:60:2:66:Infinity":28,"s:61:4:61:Infinity":29,"s:62:4:62:Infinity":30,"s:63:4:66:Infinity":31,"f:70:9:70:22":1,"b:71:2:71:Infinity:undefined:undefined:undefined:undefined":9,"s:71:2:71:Infinity":32,"s:71:14:71:Infinity":33,"s:72:2:77:Infinity":34,"s:73:10:73:35":35,"b:74:4:74:Infinity:undefined:undefined:undefined:undefined":10,"s:74:4:74:Infinity":36,"s:74:26:74:Infinity":37,"s:75:4:75:Infinity":38,"s:76:4:76:Infinity":39,"s:82:0:82:Infinity":40,"s:83:0:83:Infinity":41,"f:85:16:85:32":2,"s:86:2:86:Infinity":42,"b:86:9:86:26:86:26:86:28":11,"f:89:16:89:29":3,"b:90:2:90:Infinity:undefined:undefined:undefined:undefined":12,"s:90:2:90:Infinity":43,"s:90:22:90:Infinity":44,"b:91:2:94:Infinity:93:9:94:Infinity":13,"s:91:2:94:Infinity":45,"s:92:4:92:Infinity":46,"s:94:4:94:Infinity":47,"s:96:2:96:Infinity":48,"s:97:2:97:Infinity":49,"f:100:16:100:Infinity":4,"b:104:2:104:Infinity:undefined:undefined:undefined:undefined":14,"s:104:2:104:Infinity":50,"s:104:22:104:Infinity":51,"b:105:2:108:Infinity:107:9:108:Infinity":15,"s:105:2:108:Infinity":52,"s:106:4:106:Infinity":53,"s:108:4:108:Infinity":54,"s:110:2:110:Infinity":55,"s:111:2:111:Infinity":56,"f:114:16:114:Infinity":5,"b:118:2:118:Infinity:undefined:undefined:undefined:undefined":16,"s:118:2:118:Infinity":57,"s:118:22:118:Infinity":58,"b:119:2:122:Infinity:121:9:122:Infinity":17,"s:119:2:122:Infinity":59,"s:120:4:120:Infinity":60,"s:122:4:122:Infinity":61,"s:124:2:124:Infinity":62,"s:125:2:125:Infinity":63,"f:128:16:128:Infinity":6,"b:132:2:132:Infinity:undefined:undefined:undefined:undefined":18,"s:132:2:132:Infinity":64,"s:132:22:132:Infinity":65,"b:133:2:136:Infinity:135:9:136:Infinity":19,"s:133:2:136:Infinity":66,"s:134:4:134:Infinity":67,"s:136:4:136:Infinity":68,"s:138:2:138:Infinity":69,"s:139:2:139:Infinity":70,"f:143:16:143:52":7,"s:144:2:146:Infinity":71,"f:145:5:145:13":8,"s:145:23:145:40":72,"f:146:5:146:10":9,"s:146:19:146:22":73,"s:150:44:156:Infinity":74,"s:159:53:169:Infinity":75,"f:171:16:171:33":10,"s:172:16:172:42":76,"s:173:2:173:Infinity":77,"b:173:9:173:33:173:33:173:45":20}}}
,"/home/dylan/telegram-claude-agent/src/storage/cron-store.ts": {"path":"/home/dylan/telegram-claude-agent/src/storage/cron-store.ts","statementMap":{"0":{"start":{"line":32,"column":6},"end":{"line":32,"column":67}},"1":{"start":{"line":33,"column":37},"end":{"line":33,"column":39}},"2":{"start":{"line":34,"column":12},"end":{"line":34,"column":null}},"3":{"start":{"line":37,"column":2},"end":{"line":48,"column":null}},"4":{"start":{"line":38,"column":4},"end":{"line":44,"column":null}},"5":{"start":{"line":39,"column":18},"end":{"line":39,"column":63}},"6":{"start":{"line":41,"column":6},"end":{"line":44,"column":null}},"7":{"start":{"line":42,"column":8},"end":{"line":42,"column":null}},"8":{"start":{"line":42,"column":31},"end":{"line":42,"column":null}},"9":{"start":{"line":44,"column":8},"end":{"line":44,"column":null}},"10":{"start":{"line":48,"column":4},"end":{"line":48,"column":null}},"11":{"start":{"line":50,"column":16},"end":{"line":50,"column":null}},"12":{"start":{"line":51,"column":2},"end":{"line":52,"column":null}},"13":{"start":{"line":52,"column":4},"end":{"line":52,"column":null}},"14":{"start":{"line":57,"column":2},"end":{"line":57,"column":null}},"15":{"start":{"line":57,"column":14},"end":{"line":57,"column":null}},"16":{"start":{"line":58,"column":2},"end":{"line":63,"column":null}},"17":{"start":{"line":59,"column":10},"end":{"line":59,"column":35}},"18":{"start":{"line":60,"column":4},"end":{"line":60,"column":null}},"19":{"start":{"line":60,"column":26},"end":{"line":60,"column":null}},"20":{"start":{"line":61,"column":4},"end":{"line":61,"column":null}},"21":{"start":{"line":62,"column":4},"end":{"line":62,"column":null}},"22":{"start":{"line":68,"column":0},"end":{"line":68,"column":null}},"23":{"start":{"line":69,"column":0},"end":{"line":69,"column":null}},"24":{"start":{"line":74,"column":2},"end":{"line":74,"column":null}},"25":{"start":{"line":83,"column":2},"end":{"line":94,"column":null}},"26":{"start":{"line":84,"column":17},"end":{"line":84,"column":68}},"27":{"start":{"line":85,"column":21},"end":{"line":85,"column":35}},"28":{"start":{"line":86,"column":4},"end":{"line":89,"column":null}},"29":{"start":{"line":91,"column":4},"end":{"line":94,"column":null}},"30":{"start":{"line":101,"column":2},"end":{"line":101,"column":null}},"31":{"start":{"line":102,"column":2},"end":{"line":102,"column":null}},"32":{"start":{"line":103,"column":2},"end":{"line":103,"column":null}},"33":{"start":{"line":107,"column":2},"end":{"line":107,"column":null}},"34":{"start":{"line":111,"column":2},"end":{"line":111,"column":null}},"35":{"start":{"line":111,"column":44},"end":{"line":111,"column":64}},"36":{"start":{"line":115,"column":2},"end":{"line":115,"column":null}},"37":{"start":{"line":122,"column":14},"end":{"line":122,"column":null}},"38":{"start":{"line":123,"column":2},"end":{"line":123,"column":null}},"39":{"start":{"line":123,"column":12},"end":{"line":123,"column":null}},"40":{"start":{"line":124,"column":2},"end":{"line":124,"column":null}},"41":{"start":{"line":125,"column":2},"end":{"line":125,"column":null}},"42":{"start":{"line":126,"column":2},"end":{"line":126,"column":null}},"43":{"start":{"line":127,"column":2},"end":{"line":127,"column":null}},"44":{"start":{"line":131,"column":2},"end":{"line":131,"column":null}},"45":{"start":{"line":131,"column":18},"end":{"line":131,"column":null}},"46":{"start":{"line":132,"column":2},"end":{"line":132,"column":null}},"47":{"start":{"line":133,"column":2},"end":{"line":133,"column":null}},"48":{"start":{"line":134,"column":2},"end":{"line":134,"column":null}},"49":{"start":{"line":135,"column":2},"end":{"line":135,"column":null}},"50":{"start":{"line":139,"column":14},"end":{"line":139,"column":null}},"51":{"start":{"line":140,"column":2},"end":{"line":140,"column":null}},"52":{"start":{"line":140,"column":12},"end":{"line":140,"column":null}},"53":{"start":{"line":141,"column":2},"end":{"line":141,"column":null}},"54":{"start":{"line":142,"column":2},"end":{"line":142,"column":null}},"55":{"start":{"line":143,"column":2},"end":{"line":143,"column":null}}},"fnMap":{"0":{"name":"loadCronJobs","decl":{"start":{"line":36,"column":16},"end":{"line":36,"column":37}},"loc":{"start":{"line":36,"column":37},"end":{"line":52,"column":null}},"line":36},"1":{"name":"save","decl":{"start":{"line":56,"column":9},"end":{"line":56,"column":22}},"loc":{"start":{"line":56,"column":22},"end":{"line":63,"column":null}},"line":56},"2":{"name":"generateCronId","decl":{"start":{"line":73,"column":16},"end":{"line":73,"column":41}},"loc":{"start":{"line":73,"column":41},"end":{"line":74,"column":null}},"line":73},"3":{"name":"validateCronExpression","decl":{"start":{"line":79,"column":16},"end":{"line":79,"column":null}},"loc":{"start":{"line":82,"column":53},"end":{"line":94,"column":null}},"line":82},"4":{"name":"addCronJob","decl":{"start":{"line":100,"column":16},"end":{"line":100,"column":27}},"loc":{"start":{"line":100,"column":47},"end":{"line":103,"column":null}},"line":100},"5":{"name":"getCronJob","decl":{"start":{"line":106,"column":16},"end":{"line":106,"column":27}},"loc":{"start":{"line":106,"column":60},"end":{"line":107,"column":null}},"line":106},"6":{"name":"getCronJobsForChat","decl":{"start":{"line":110,"column":16},"end":{"line":110,"column":35}},"loc":{"start":{"line":110,"column":62},"end":{"line":111,"column":null}},"line":110},"7":{"name":"(anonymous_7)","decl":{"start":{"line":111,"column":30},"end":{"line":111,"column":38}},"loc":{"start":{"line":111,"column":44},"end":{"line":111,"column":64}},"line":111},"8":{"name":"getAllCronJobs","decl":{"start":{"line":114,"column":16},"end":{"line":114,"column":44}},"loc":{"start":{"line":114,"column":44},"end":{"line":115,"column":null}},"line":114},"9":{"name":"updateCronJob","decl":{"start":{"line":118,"column":16},"end":{"line":118,"column":null}},"loc":{"start":{"line":121,"column":23},"end":{"line":127,"column":null}},"line":121},"10":{"name":"deleteCronJob","decl":{"start":{"line":130,"column":16},"end":{"line":130,"column":30}},"loc":{"start":{"line":130,"column":51},"end":{"line":135,"column":null}},"line":130},"11":{"name":"recordCronRun","decl":{"start":{"line":138,"column":16},"end":{"line":138,"column":30}},"loc":{"start":{"line":138,"column":48},"end":{"line":143,"column":null}},"line":138}},"branchMap":{"0":{"loc":{"start":{"line":38,"column":4},"end":{"line":44,"column":null}},"type":"if","locations":[{"start":{"line":38,"column":4},"end":{"line":44,"column":null}},{"start":{},"end":{}}],"line":38},"1":{"loc":{"start":{"line":41,"column":6},"end":{"line":44,"column":null}},"type":"if","locations":[{"start":{"line":41,"column":6},"end":{"line":44,"column":null}},{"start":{"line":43,"column":13},"end":{"line":44,"column":null}}],"line":41},"2":{"loc":{"start":{"line":51,"column":2},"end":{"line":52,"column":null}},"type":"if","locations":[{"start":{"line":51,"column":2},"end":{"line":52,"column":null}},{"start":{},"end":{}}],"line":51},"3":{"loc":{"start":{"line":57,"column":2},"end":{"line":57,"column":null}},"type":"if","locations":[{"start":{"line":57,"column":2},"end":{"line":57,"column":null}},{"start":{},"end":{}}],"line":57},"4":{"loc":{"start":{"line":60,"column":4},"end":{"line":60,"column":null}},"type":"if","locations":[{"start":{"line":60,"column":4},"end":{"line":60,"column":null}},{"start":{},"end":{}}],"line":60},"5":{"loc":{"start":{"line":84,"column":44},"end":{"line":84,"column":67}},"type":"binary-expr","locations":[{"start":{"line":84,"column":44},"end":{"line":84,"column":56}},{"start":{"line":84,"column":56},"end":{"line":84,"column":67}}],"line":84},"6":{"loc":{"start":{"line":88,"column":12},"end":{"line":88,"column":null}},"type":"cond-expr","locations":[{"start":{"line":88,"column":23},"end":{"line":88,"column":45}},{"start":{"line":88,"column":48},"end":{"line":88,"column":null}}],"line":88},"7":{"loc":{"start":{"line":93,"column":13},"end":{"line":93,"column":null}},"type":"cond-expr","locations":[{"start":{"line":93,"column":36},"end":{"line":93,"column":50}},{"start":{"line":93,"column":50},"end":{"line":93,"column":null}}],"line":93},"8":{"loc":{"start":{"line":123,"column":2},"end":{"line":123,"column":null}},"type":"if","locations":[{"start":{"line":123,"column":2},"end":{"line":123,"column":null}},{"start":{},"end":{}}],"line":123},"9":{"loc":{"start":{"line":131,"column":2},"end":{"line":131,"column":null}},"type":"if","locations":[{"start":{"line":131,"column":2},"end":{"line":131,"column":null}},{"start":{},"end":{}}],"line":131},"10":{"loc":{"start":{"line":140,"column":2},"end":{"line":140,"column":null}},"type":"if","locations":[{"start":{"line":140,"column":2},"end":{"line":140,"column":null}},{"start":{},"end":{}}],"line":140},"11":{"loc":{"start":{"line":142,"column":18},"end":{"line":142,"column":39}},"type":"binary-expr","locations":[{"start":{"line":142,"column":18},"end":{"line":142,"column":34}},{"start":{"line":142,"column":34},"end":{"line":142,"column":39}}],"line":142}},"s":{"0":1,"1":1,"2":1,"3":0,"4":0,"5":0,"6":0,"7":0,"8":0,"9":0,"10":0,"11":0,"12":0,"13":0,"14":11,"15":0,"16":11,"17":11,"18":11,"19":11,"20":11,"21":11,"22":1,"23":1,"24":110,"25":3,"26":3,"27":3,"28":3,"29":1,"30":9,"31":9,"32":9,"33":6,"34":2,"35":8,"36":2,"37":2,"38":2,"39":1,"40":1,"41":1,"42":1,"43":1,"44":2,"45":1,"46":1,"47":1,"48":1,"49":1,"50":3,"51":3,"52":1,"53":2,"54":2,"55":3},"f":{"0":0,"1":11,"2":110,"3":3,"4":9,"5":6,"6":2,"7":8,"8":2,"9":2,"10":2,"11":3},"b":{"0":[0,0],"1":[0,0],"2":[0,0],"3":[0,11],"4":[11,0],"5":[3,2],"6":[2,0],"7":[1,0],"8":[1,1],"9":[1,1],"10":[1,2],"11":[2,1]},"meta":{"lastBranch":12,"lastFunction":12,"lastStatement":56,"seen":{"s:32:6:32:67":0,"s:33:37:33:39":1,"s:34:12:34:Infinity":2,"f:36:16:36:37":0,"s:37:2:48:Infinity":3,"b:38:4:44:Infinity:undefined:undefined:undefined:undefined":0,"s:38:4:44:Infinity":4,"s:39:18:39:63":5,"b:41:6:44:Infinity:43:13:44:Infinity":1,"s:41:6:44:Infinity":6,"s:42:8:42:Infinity":7,"s:42:31:42:Infinity":8,"s:44:8:44:Infinity":9,"s:48:4:48:Infinity":10,"s:50:16:50:Infinity":11,"b:51:2:52:Infinity:undefined:undefined:undefined:undefined":2,"s:51:2:52:Infinity":12,"s:52:4:52:Infinity":13,"f:56:9:56:22":1,"b:57:2:57:Infinity:undefined:undefined:undefined:undefined":3,"s:57:2:57:Infinity":14,"s:57:14:57:Infinity":15,"s:58:2:63:Infinity":16,"s:59:10:59:35":17,"b:60:4:60:Infinity:undefined:undefined:undefined:undefined":4,"s:60:4:60:Infinity":18,"s:60:26:60:Infinity":19,"s:61:4:61:Infinity":20,"s:62:4:62:Infinity":21,"s:68:0:68:Infinity":22,"s:69:0:69:Infinity":23,"f:73:16:73:41":2,"s:74:2:74:Infinity":24,"f:79:16:79:Infinity":3,"s:83:2:94:Infinity":25,"s:84:17:84:68":26,"b:84:44:84:56:84:56:84:67":5,"s:85:21:85:35":27,"s:86:4:89:Infinity":28,"b:88:23:88:45:88:48:88:Infinity":6,"s:91:4:94:Infinity":29,"b:93:36:93:50:93:50:93:Infinity":7,"f:100:16:100:27":4,"s:101:2:101:Infinity":30,"s:102:2:102:Infinity":31,"s:103:2:103:Infinity":32,"f:106:16:106:27":5,"s:107:2:107:Infinity":33,"f:110:16:110:35":6,"s:111:2:111:Infinity":34,"f:111:30:111:38":7,"s:111:44:111:64":35,"f:114:16:114:44":8,"s:115:2:115:Infinity":36,"f:118:16:118:Infinity":9,"s:122:14:122:Infinity":37,"b:123:2:123:Infinity:undefined:undefined:undefined:undefined":8,"s:123:2:123:Infinity":38,"s:123:12:123:Infinity":39,"s:124:2:124:Infinity":40,"s:125:2:125:Infinity":41,"s:126:2:126:Infinity":42,"s:127:2:127:Infinity":43,"f:130:16:130:30":10,"b:131:2:131:Infinity:undefined:undefined:undefined:undefined":9,"s:131:2:131:Infinity":44,"s:131:18:131:Infinity":45,"s:132:2:132:Infinity":46,"s:133:2:133:Infinity":47,"s:134:2:134:Infinity":48,"s:135:2:135:Infinity":49,"f:138:16:138:30":11,"s:139:14:139:Infinity":50,"b:140:2:140:Infinity:undefined:undefined:undefined:undefined":10,"s:140:2:140:Infinity":51,"s:140:12:140:Infinity":52,"s:141:2:141:Infinity":53,"s:142:2:142:Infinity":54,"b:142:18:142:34:142:34:142:39":11,"s:143:2:143:Infinity":55}}}
,"/home/dylan/telegram-claude-agent/src/storage/daily-log.ts": {"path":"/home/dylan/telegram-claude-agent/src/storage/daily-log.ts","statementMap":{"0":{"start":{"line":10,"column":6},"end":{"line":10,"column":60}},"1":{"start":{"line":13,"column":2},"end":{"line":14,"column":null}},"2":{"start":{"line":14,"column":4},"end":{"line":14,"column":null}},"3":{"start":{"line":23,"column":2},"end":{"line":33,"column":null}},"4":{"start":{"line":24,"column":4},"end":{"line":24,"column":null}},"5":{"start":{"line":25,"column":16},"end":{"line":25,"column":26}},"6":{"start":{"line":26,"column":20},"end":{"line":26,"column":50}},"7":{"start":{"line":27,"column":20},"end":{"line":27,"column":50}},"8":{"start":{"line":28,"column":10},"end":{"line":28,"column":54}},"9":{"start":{"line":30,"column":18},"end":{"line":30,"column":null}},"10":{"start":{"line":31,"column":4},"end":{"line":31,"column":null}},"11":{"start":{"line":33,"column":4},"end":{"line":33,"column":null}},"12":{"start":{"line":39,"column":2},"end":{"line":39,"column":null}}},"fnMap":{"0":{"name":"ensureLogsDir","decl":{"start":{"line":12,"column":9},"end":{"line":12,"column":31}},"loc":{"start":{"line":12,"column":31},"end":{"line":14,"column":null}},"line":12},"1":{"name":"appendDailyLog","decl":{"start":{"line":22,"column":16},"end":{"line":22,"column":31}},"loc":{"start":{"line":22,"column":72},"end":{"line":33,"column":null}},"line":22},"2":{"name":"getLogsDir","decl":{"start":{"line":38,"column":16},"end":{"line":38,"column":37}},"loc":{"start":{"line":38,"column":37},"end":{"line":39,"column":null}},"line":38}},"branchMap":{"0":{"loc":{"start":{"line":13,"column":2},"end":{"line":14,"column":null}},"type":"if","locations":[{"start":{"line":13,"column":2},"end":{"line":14,"column":null}},{"start":{},"end":{}}],"line":13}},"s":{"0":1,"1":5,"2":4,"3":5,"4":5,"5":5,"6":5,"7":5,"8":5,"9":5,"10":5,"11":0,"12":4},"f":{"0":5,"1":5,"2":4},"b":{"0":[4,1]},"meta":{"lastBranch":1,"lastFunction":3,"lastStatement":13,"seen":{"s:10:6:10:60":0,"f:12:9:12:31":0,"b:13:2:14:Infinity:undefined:undefined:undefined:undefined":0,"s:13:2:14:Infinity":1,"s:14:4:14:Infinity":2,"f:22:16:22:31":1,"s:23:2:33:Infinity":3,"s:24:4:24:Infinity":4,"s:25:16:25:26":5,"s:26:20:26:50":6,"s:27:20:27:50":7,"s:28:10:28:54":8,"s:30:18:30:Infinity":9,"s:31:4:31:Infinity":10,"s:33:4:33:Infinity":11,"f:38:16:38:37":2,"s:39:2:39:Infinity":12}}}
,"/home/dylan/telegram-claude-agent/src/storage/history.ts": {"path":"/home/dylan/telegram-claude-agent/src/storage/history.ts","statementMap":{"0":{"start":{"line":26,"column":29},"end":{"line":26,"column":null}},"1":{"start":{"line":27,"column":23},"end":{"line":27,"column":null}},"2":{"start":{"line":29,"column":22},"end":{"line":29,"column":57}},"3":{"start":{"line":32,"column":16},"end":{"line":32,"column":41}},"4":{"start":{"line":33,"column":2},"end":{"line":45,"column":null}},"5":{"start":{"line":35,"column":4},"end":{"line":41,"column":null}},"6":{"start":{"line":36,"column":25},"end":{"line":36,"column":57}},"7":{"start":{"line":37,"column":19},"end":{"line":37,"column":39}},"8":{"start":{"line":38,"column":6},"end":{"line":41,"column":null}},"9":{"start":{"line":38,"column":19},"end":{"line":38,"column":22}},"10":{"start":{"line":39,"column":23},"end":{"line":39,"column":34}},"11":{"start":{"line":40,"column":8},"end":{"line":40,"column":null}},"12":{"start":{"line":40,"column":25},"end":{"line":40,"column":null}},"13":{"start":{"line":41,"column":8},"end":{"line":41,"column":null}},"14":{"start":{"line":44,"column":4},"end":{"line":44,"column":null}},"15":{"start":{"line":45,"column":4},"end":{"line":45,"column":null}},"16":{"start":{"line":47,"column":2},"end":{"line":47,"column":null}},"17":{"start":{"line":49,"column":2},"end":{"line":50,"column":null}},"18":{"start":{"line":50,"column":4},"end":{"line":50,"column":null}},"19":{"start":{"line":55,"column":18},"end":{"line":55,"column":43}},"20":{"start":{"line":56,"column":2},"end":{"line":56,"column":null}},"21":{"start":{"line":56,"column":16},"end":{"line":56,"column":null}},"22":{"start":{"line":57,"column":2},"end":{"line":57,"column":null}},"23":{"start":{"line":61,"column":2},"end":{"line":61,"column":null}},"24":{"start":{"line":65,"column":19},"end":{"line":65,"column":null}},"25":{"start":{"line":66,"column":19},"end":{"line":66,"column":null}},"26":{"start":{"line":67,"column":21},"end":{"line":69,"column":null}},"27":{"start":{"line":70,"column":15},"end":{"line":70,"column":64}},"28":{"start":{"line":71,"column":2},"end":{"line":71,"column":null}},"29":{"start":{"line":76,"column":19},"end":{"line":76,"column":50}},"30":{"start":{"line":77,"column":2},"end":{"line":77,"column":null}},"31":{"start":{"line":77,"column":29},"end":{"line":77,"column":null}},"32":{"start":{"line":78,"column":2},"end":{"line":78,"column":null}},"33":{"start":{"line":87,"column":18},"end":{"line":87,"column":43}},"34":{"start":{"line":88,"column":2},"end":{"line":88,"column":null}},"35":{"start":{"line":88,"column":40},"end":{"line":88,"column":null}},"36":{"start":{"line":89,"column":16},"end":{"line":89,"column":35}},"37":{"start":{"line":90,"column":18},"end":{"line":93,"column":null}},"38":{"start":{"line":92,"column":6},"end":{"line":93,"column":48}},"39":{"start":{"line":95,"column":2},"end":{"line":95,"column":null}},"40":{"start":{"line":95,"column":28},"end":{"line":95,"column":null}},"41":{"start":{"line":96,"column":2},"end":{"line":96,"column":null}},"42":{"start":{"line":105,"column":18},"end":{"line":105,"column":43}},"43":{"start":{"line":106,"column":2},"end":{"line":106,"column":null}},"44":{"start":{"line":106,"column":40},"end":{"line":106,"column":null}},"45":{"start":{"line":107,"column":16},"end":{"line":107,"column":38}},"46":{"start":{"line":108,"column":18},"end":{"line":109,"column":null}},"47":{"start":{"line":109,"column":4},"end":{"line":109,"column":46}},"48":{"start":{"line":111,"column":2},"end":{"line":111,"column":null}},"49":{"start":{"line":111,"column":28},"end":{"line":111,"column":null}},"50":{"start":{"line":112,"column":2},"end":{"line":112,"column":null}},"51":{"start":{"line":117,"column":18},"end":{"line":117,"column":43}},"52":{"start":{"line":118,"column":2},"end":{"line":118,"column":null}},"53":{"start":{"line":118,"column":16},"end":{"line":118,"column":null}},"54":{"start":{"line":119,"column":14},"end":{"line":119,"column":52}},"55":{"start":{"line":119,"column":34},"end":{"line":119,"column":52}},"56":{"start":{"line":120,"column":2},"end":{"line":120,"column":null}},"57":{"start":{"line":120,"column":12},"end":{"line":120,"column":null}},"58":{"start":{"line":121,"column":2},"end":{"line":121,"column":null}},"59":{"start":{"line":126,"column":18},"end":{"line":126,"column":43}},"60":{"start":{"line":127,"column":2},"end":{"line":127,"column":null}},"61":{"start":{"line":127,"column":40},"end":{"line":127,"column":null}},"62":{"start":{"line":128,"column":16},"end":{"line":128,"column":null}},"63":{"start":{"line":132,"column":2},"end":{"line":141,"column":null}},"64":{"start":{"line":133,"column":21},"end":{"line":133,"column":42}},"65":{"start":{"line":134,"column":4},"end":{"line":141,"column":null}},"66":{"start":{"line":135,"column":6},"end":{"line":139,"column":null}},"67":{"start":{"line":141,"column":6},"end":{"line":141,"column":null}},"68":{"start":{"line":144,"column":16},"end":{"line":149,"column":null}},"69":{"start":{"line":145,"column":20},"end":{"line":145,"column":50}},"70":{"start":{"line":147,"column":18},"end":{"line":147,"column":43}},"71":{"start":{"line":148,"column":6},"end":{"line":148,"column":null}},"72":{"start":{"line":150,"column":2},"end":{"line":150,"column":null}},"73":{"start":{"line":154,"column":15},"end":{"line":154,"column":null}},"74":{"start":{"line":155,"column":2},"end":{"line":155,"column":null}},"75":{"start":{"line":155,"column":21},"end":{"line":155,"column":null}},"76":{"start":{"line":156,"column":2},"end":{"line":156,"column":null}},"77":{"start":{"line":156,"column":24},"end":{"line":156,"column":null}},"78":{"start":{"line":157,"column":2},"end":{"line":157,"column":null}},"79":{"start":{"line":157,"column":25},"end":{"line":157,"column":null}},"80":{"start":{"line":158,"column":2},"end":{"line":158,"column":null}},"81":{"start":{"line":167,"column":18},"end":{"line":167,"column":43}},"82":{"start":{"line":168,"column":2},"end":{"line":168,"column":null}},"83":{"start":{"line":168,"column":16},"end":{"line":168,"column":null}},"84":{"start":{"line":169,"column":18},"end":{"line":169,"column":64}},"85":{"start":{"line":169,"column":40},"end":{"line":169,"column":64}},"86":{"start":{"line":170,"column":2},"end":{"line":170,"column":null}},"87":{"start":{"line":175,"column":18},"end":{"line":175,"column":43}},"88":{"start":{"line":176,"column":2},"end":{"line":176,"column":null}},"89":{"start":{"line":176,"column":40},"end":{"line":176,"column":null}},"90":{"start":{"line":177,"column":2},"end":{"line":177,"column":null}},"91":{"start":{"line":187,"column":18},"end":{"line":187,"column":49}},"92":{"start":{"line":188,"column":16},"end":{"line":188,"column":55}},"93":{"start":{"line":188,"column":43},"end":{"line":188,"column":54}},"94":{"start":{"line":189,"column":2},"end":{"line":194,"column":null}}},"fnMap":{"0":{"name":"pushMessage","decl":{"start":{"line":31,"column":16},"end":{"line":31,"column":28}},"loc":{"start":{"line":31,"column":71},"end":{"line":50,"column":null}},"line":31},"1":{"name":"getRecentHistory","decl":{"start":{"line":54,"column":16},"end":{"line":54,"column":33}},"loc":{"start":{"line":54,"column":79},"end":{"line":57,"column":null}},"line":54},"2":{"name":"clearHistory","decl":{"start":{"line":60,"column":16},"end":{"line":60,"column":29}},"loc":{"start":{"line":60,"column":51},"end":{"line":61,"column":null}},"line":60},"3":{"name":"formatMessage","decl":{"start":{"line":64,"column":9},"end":{"line":64,"column":23}},"loc":{"start":{"line":64,"column":50},"end":{"line":71,"column":null}},"line":64},"4":{"name":"getRecentFormatted","decl":{"start":{"line":75,"column":16},"end":{"line":75,"column":35}},"loc":{"start":{"line":75,"column":71},"end":{"line":78,"column":null}},"line":75},"5":{"name":"searchHistory","decl":{"start":{"line":82,"column":16},"end":{"line":82,"column":null}},"loc":{"start":{"line":86,"column":10},"end":{"line":96,"column":null}},"line":86},"6":{"name":"(anonymous_6)","decl":{"start":{"line":90,"column":26},"end":{"line":90,"column":null}},"loc":{"start":{"line":92,"column":6},"end":{"line":93,"column":48}},"line":92},"7":{"name":"getMessagesByUser","decl":{"start":{"line":100,"column":16},"end":{"line":100,"column":null}},"loc":{"start":{"line":104,"column":10},"end":{"line":112,"column":null}},"line":104},"8":{"name":"(anonymous_8)","decl":{"start":{"line":108,"column":26},"end":{"line":108,"column":34}},"loc":{"start":{"line":109,"column":4},"end":{"line":109,"column":46}},"line":109},"9":{"name":"getMessageById","decl":{"start":{"line":116,"column":16},"end":{"line":116,"column":31}},"loc":{"start":{"line":116,"column":70},"end":{"line":121,"column":null}},"line":116},"10":{"name":"(anonymous_10)","decl":{"start":{"line":119,"column":22},"end":{"line":119,"column":28}},"loc":{"start":{"line":119,"column":34},"end":{"line":119,"column":52}},"line":119},"11":{"name":"getKnownUsers","decl":{"start":{"line":125,"column":16},"end":{"line":125,"column":30}},"loc":{"start":{"line":125,"column":54},"end":{"line":150,"column":null}},"line":125},"12":{"name":"(anonymous_12)","decl":{"start":{"line":145,"column":5},"end":{"line":145,"column":11}},"loc":{"start":{"line":145,"column":20},"end":{"line":145,"column":50}},"line":145},"13":{"name":"(anonymous_13)","decl":{"start":{"line":146,"column":5},"end":{"line":146,"column":10}},"loc":{"start":{"line":146,"column":22},"end":{"line":149,"column":null}},"line":146},"14":{"name":"formatTimeAgo","decl":{"start":{"line":153,"column":9},"end":{"line":153,"column":23}},"loc":{"start":{"line":153,"column":43},"end":{"line":158,"column":null}},"line":153},"15":{"name":"getRecentBySenderId","decl":{"start":{"line":162,"column":16},"end":{"line":162,"column":null}},"loc":{"start":{"line":166,"column":20},"end":{"line":170,"column":null}},"line":166},"16":{"name":"(anonymous_16)","decl":{"start":{"line":169,"column":26},"end":{"line":169,"column":34}},"loc":{"start":{"line":169,"column":40},"end":{"line":169,"column":64}},"line":169},"17":{"name":"getLatestMessageId","decl":{"start":{"line":174,"column":16},"end":{"line":174,"column":35}},"loc":{"start":{"line":174,"column":71},"end":{"line":177,"column":null}},"line":174},"18":{"name":"getHistoryStats","decl":{"start":{"line":181,"column":16},"end":{"line":181,"column":32}},"loc":{"start":{"line":186,"column":2},"end":{"line":194,"column":null}},"line":186},"19":{"name":"(anonymous_19)","decl":{"start":{"line":188,"column":32},"end":{"line":188,"column":37}},"loc":{"start":{"line":188,"column":43},"end":{"line":188,"column":54}},"line":188}},"branchMap":{"0":{"loc":{"start":{"line":33,"column":2},"end":{"line":45,"column":null}},"type":"if","locations":[{"start":{"line":33,"column":2},"end":{"line":45,"column":null}},{"start":{},"end":{}}],"line":33},"1":{"loc":{"start":{"line":35,"column":4},"end":{"line":41,"column":null}},"type":"if","locations":[{"start":{"line":35,"column":4},"end":{"line":41,"column":null}},{"start":{},"end":{}}],"line":35},"2":{"loc":{"start":{"line":40,"column":8},"end":{"line":40,"column":null}},"type":"if","locations":[{"start":{"line":40,"column":8},"end":{"line":40,"column":null}},{"start":{},"end":{}}],"line":40},"3":{"loc":{"start":{"line":49,"column":2},"end":{"line":50,"column":null}},"type":"if","locations":[{"start":{"line":49,"column":2},"end":{"line":50,"column":null}},{"start":{},"end":{}}],"line":49},"4":{"loc":{"start":{"line":54,"column":49},"end":{"line":54,"column":79}},"type":"default-arg","locations":[{"start":{"line":54,"column":57},"end":{"line":54,"column":79}}],"line":54},"5":{"loc":{"start":{"line":56,"column":2},"end":{"line":56,"column":null}},"type":"if","locations":[{"start":{"line":56,"column":2},"end":{"line":56,"column":null}},{"start":{},"end":{}}],"line":56},"6":{"loc":{"start":{"line":65,"column":19},"end":{"line":65,"column":null}},"type":"cond-expr","locations":[{"start":{"line":65,"column":36},"end":{"line":65,"column":77}},{"start":{"line":65,"column":77},"end":{"line":65,"column":null}}],"line":65},"7":{"loc":{"start":{"line":66,"column":19},"end":{"line":66,"column":null}},"type":"cond-expr","locations":[{"start":{"line":66,"column":33},"end":{"line":66,"column":55}},{"start":{"line":66,"column":55},"end":{"line":66,"column":null}}],"line":66},"8":{"loc":{"start":{"line":67,"column":21},"end":{"line":69,"column":null}},"type":"cond-expr","locations":[{"start":{"line":68,"column":6},"end":{"line":68,"column":null}},{"start":{"line":69,"column":6},"end":{"line":69,"column":null}}],"line":67},"9":{"loc":{"start":{"line":75,"column":51},"end":{"line":75,"column":71}},"type":"default-arg","locations":[{"start":{"line":75,"column":59},"end":{"line":75,"column":71}}],"line":75},"10":{"loc":{"start":{"line":77,"column":2},"end":{"line":77,"column":null}},"type":"if","locations":[{"start":{"line":77,"column":2},"end":{"line":77,"column":null}},{"start":{},"end":{}}],"line":77},"11":{"loc":{"start":{"line":85,"column":2},"end":{"line":85,"column":null}},"type":"default-arg","locations":[{"start":{"line":85,"column":10},"end":{"line":85,"column":null}}],"line":85},"12":{"loc":{"start":{"line":88,"column":2},"end":{"line":88,"column":null}},"type":"if","locations":[{"start":{"line":88,"column":2},"end":{"line":88,"column":null}},{"start":{},"end":{}}],"line":88},"13":{"loc":{"start":{"line":88,"column":6},"end":{"line":88,"column":40}},"type":"binary-expr","locations":[{"start":{"line":88,"column":6},"end":{"line":88,"column":18}},{"start":{"line":88,"column":18},"end":{"line":88,"column":40}}],"line":88},"14":{"loc":{"start":{"line":92,"column":6},"end":{"line":93,"column":48}},"type":"binary-expr","locations":[{"start":{"line":92,"column":6},"end":{"line":92,"column":42}},{"start":{"line":93,"column":6},"end":{"line":93,"column":48}}],"line":92},"15":{"loc":{"start":{"line":95,"column":2},"end":{"line":95,"column":null}},"type":"if","locations":[{"start":{"line":95,"column":2},"end":{"line":95,"column":null}},{"start":{},"end":{}}],"line":95},"16":{"loc":{"start":{"line":103,"column":2},"end":{"line":103,"column":null}},"type":"default-arg","locations":[{"start":{"line":103,"column":10},"end":{"line":103,"column":null}}],"line":103},"17":{"loc":{"start":{"line":106,"column":2},"end":{"line":106,"column":null}},"type":"if","locations":[{"start":{"line":106,"column":2},"end":{"line":106,"column":null}},{"start":{},"end":{}}],"line":106},"18":{"loc":{"start":{"line":106,"column":6},"end":{"line":106,"column":40}},"type":"binary-expr","locations":[{"start":{"line":106,"column":6},"end":{"line":106,"column":18}},{"start":{"line":106,"column":18},"end":{"line":106,"column":40}}],"line":106},"19":{"loc":{"start":{"line":111,"column":2},"end":{"line":111,"column":null}},"type":"if","locations":[{"start":{"line":111,"column":2},"end":{"line":111,"column":null}},{"start":{},"end":{}}],"line":111},"20":{"loc":{"start":{"line":118,"column":2},"end":{"line":118,"column":null}},"type":"if","locations":[{"start":{"line":118,"column":2},"end":{"line":118,"column":null}},{"start":{},"end":{}}],"line":118},"21":{"loc":{"start":{"line":120,"column":2},"end":{"line":120,"column":null}},"type":"if","locations":[{"start":{"line":120,"column":2},"end":{"line":120,"column":null}},{"start":{},"end":{}}],"line":120},"22":{"loc":{"start":{"line":127,"column":2},"end":{"line":127,"column":null}},"type":"if","locations":[{"start":{"line":127,"column":2},"end":{"line":127,"column":null}},{"start":{},"end":{}}],"line":127},"23":{"loc":{"start":{"line":127,"column":6},"end":{"line":127,"column":40}},"type":"binary-expr","locations":[{"start":{"line":127,"column":6},"end":{"line":127,"column":18}},{"start":{"line":127,"column":18},"end":{"line":127,"column":40}}],"line":127},"24":{"loc":{"start":{"line":134,"column":4},"end":{"line":141,"column":null}},"type":"if","locations":[{"start":{"line":134,"column":4},"end":{"line":141,"column":null}},{"start":{"line":140,"column":11},"end":{"line":141,"column":null}}],"line":134},"25":{"loc":{"start":{"line":134,"column":8},"end":{"line":134,"column":54}},"type":"binary-expr","locations":[{"start":{"line":134,"column":8},"end":{"line":134,"column":21}},{"start":{"line":134,"column":21},"end":{"line":134,"column":54}}],"line":134},"26":{"loc":{"start":{"line":138,"column":23},"end":{"line":138,"column":54}},"type":"binary-expr","locations":[{"start":{"line":138,"column":23},"end":{"line":138,"column":49}},{"start":{"line":138,"column":49},"end":{"line":138,"column":54}}],"line":138},"27":{"loc":{"start":{"line":155,"column":2},"end":{"line":155,"column":null}},"type":"if","locations":[{"start":{"line":155,"column":2},"end":{"line":155,"column":null}},{"start":{},"end":{}}],"line":155},"28":{"loc":{"start":{"line":156,"column":2},"end":{"line":156,"column":null}},"type":"if","locations":[{"start":{"line":156,"column":2},"end":{"line":156,"column":null}},{"start":{},"end":{}}],"line":156},"29":{"loc":{"start":{"line":157,"column":2},"end":{"line":157,"column":null}},"type":"if","locations":[{"start":{"line":157,"column":2},"end":{"line":157,"column":null}},{"start":{},"end":{}}],"line":157},"30":{"loc":{"start":{"line":165,"column":2},"end":{"line":165,"column":null}},"type":"default-arg","locations":[{"start":{"line":165,"column":10},"end":{"line":165,"column":null}}],"line":165},"31":{"loc":{"start":{"line":168,"column":2},"end":{"line":168,"column":null}},"type":"if","locations":[{"start":{"line":168,"column":2},"end":{"line":168,"column":null}},{"start":{},"end":{}}],"line":168},"32":{"loc":{"start":{"line":176,"column":2},"end":{"line":176,"column":null}},"type":"if","locations":[{"start":{"line":176,"column":2},"end":{"line":176,"column":null}},{"start":{},"end":{}}],"line":176},"33":{"loc":{"start":{"line":176,"column":6},"end":{"line":176,"column":40}},"type":"binary-expr","locations":[{"start":{"line":176,"column":6},"end":{"line":176,"column":18}},{"start":{"line":176,"column":18},"end":{"line":176,"column":40}}],"line":176},"34":{"loc":{"start":{"line":187,"column":18},"end":{"line":187,"column":49}},"type":"binary-expr","locations":[{"start":{"line":187,"column":18},"end":{"line":187,"column":43}},{"start":{"line":187,"column":47},"end":{"line":187,"column":49}}],"line":187},"35":{"loc":{"start":{"line":192,"column":21},"end":{"line":192,"column":null}},"type":"binary-expr","locations":[{"start":{"line":192,"column":21},"end":{"line":192,"column":46}},{"start":{"line":192,"column":46},"end":{"line":192,"column":null}}],"line":192},"36":{"loc":{"start":{"line":193,"column":21},"end":{"line":193,"column":null}},"type":"binary-expr","locations":[{"start":{"line":193,"column":21},"end":{"line":193,"column":63}},{"start":{"line":193,"column":63},"end":{"line":193,"column":null}}],"line":193}},"s":{"0":1,"1":1,"2":1,"3":1719,"4":1719,"5":1026,"6":1,"7":1,"8":1,"9":1,"10":100,"11":100,"12":0,"13":100,"14":1026,"15":1026,"16":1719,"17":1719,"18":50,"19":116,"20":116,"21":81,"22":35,"23":2,"24":10,"25":10,"26":10,"27":10,"28":10,"29":5,"30":5,"31":1,"32":4,"33":4,"34":4,"35":1,"36":3,"37":3,"38":6,"39":3,"40":1,"41":2,"42":3,"43":3,"44":1,"45":2,"46":2,"47":4,"48":2,"49":1,"50":1,"51":3,"52":3,"53":1,"54":2,"55":2,"56":2,"57":2,"58":1,"59":3,"60":3,"61":2,"62":1,"63":1,"64":3,"65":3,"66":2,"67":1,"68":1,"69":1,"70":2,"71":2,"72":1,"73":2,"74":2,"75":2,"76":0,"77":0,"78":0,"79":0,"80":0,"81":4,"82":4,"83":1,"84":3,"85":15,"86":3,"87":2,"88":2,"89":1,"90":1,"91":2,"92":2,"93":2,"94":2},"f":{"0":1719,"1":116,"2":2,"3":10,"4":5,"5":4,"6":6,"7":3,"8":4,"9":3,"10":2,"11":3,"12":1,"13":2,"14":2,"15":4,"16":15,"17":2,"18":2,"19":2},"b":{"0":[1026,693],"1":[1,1025],"2":[0,100],"3":[50,1669],"4":[116],"5":[81,35],"6":[1,9],"7":[2,8],"8":[1,9],"9":[5],"10":[1,4],"11":[4],"12":[1,3],"13":[4,3],"14":[6,4],"15":[1,2],"16":[3],"17":[1,2],"18":[3,2],"19":[1,1],"20":[1,2],"21":[1,1],"22":[2,1],"23":[3,1],"24":[2,1],"25":[3,1],"26":[2,2],"27":[2,0],"28":[0,0],"29":[0,0],"30":[4],"31":[1,3],"32":[1,1],"33":[2,1],"34":[2,1],"35":[2,1],"36":[2,1]},"meta":{"lastBranch":37,"lastFunction":20,"lastStatement":95,"seen":{"s:26:29:26:Infinity":0,"s:27:23:27:Infinity":1,"s:29:22:29:57":2,"f:31:16:31:28":0,"s:32:16:32:41":3,"b:33:2:45:Infinity:undefined:undefined:undefined:undefined":0,"s:33:2:45:Infinity":4,"b:35:4:41:Infinity:undefined:undefined:undefined:undefined":1,"s:35:4:41:Infinity":5,"s:36:25:36:57":6,"s:37:19:37:39":7,"s:38:6:41:Infinity":8,"s:38:19:38:22":9,"s:39:23:39:34":10,"b:40:8:40:Infinity:undefined:undefined:undefined:undefined":2,"s:40:8:40:Infinity":11,"s:40:25:40:Infinity":12,"s:41:8:41:Infinity":13,"s:44:4:44:Infinity":14,"s:45:4:45:Infinity":15,"s:47:2:47:Infinity":16,"b:49:2:50:Infinity:undefined:undefined:undefined:undefined":3,"s:49:2:50:Infinity":17,"s:50:4:50:Infinity":18,"f:54:16:54:33":1,"b:54:57:54:79":4,"s:55:18:55:43":19,"b:56:2:56:Infinity:undefined:undefined:undefined:undefined":5,"s:56:2:56:Infinity":20,"s:56:16:56:Infinity":21,"s:57:2:57:Infinity":22,"f:60:16:60:29":2,"s:61:2:61:Infinity":23,"f:64:9:64:23":3,"s:65:19:65:Infinity":24,"b:65:36:65:77:65:77:65:Infinity":6,"s:66:19:66:Infinity":25,"b:66:33:66:55:66:55:66:Infinity":7,"s:67:21:69:Infinity":26,"b:68:6:68:Infinity:69:6:69:Infinity":8,"s:70:15:70:64":27,"s:71:2:71:Infinity":28,"f:75:16:75:35":4,"b:75:59:75:71":9,"s:76:19:76:50":29,"b:77:2:77:Infinity:undefined:undefined:undefined:undefined":10,"s:77:2:77:Infinity":30,"s:77:29:77:Infinity":31,"s:78:2:78:Infinity":32,"f:82:16:82:Infinity":5,"b:85:10:85:Infinity":11,"s:87:18:87:43":33,"b:88:2:88:Infinity:undefined:undefined:undefined:undefined":12,"s:88:2:88:Infinity":34,"b:88:6:88:18:88:18:88:40":13,"s:88:40:88:Infinity":35,"s:89:16:89:35":36,"s:90:18:93:Infinity":37,"f:90:26:90:Infinity":6,"s:92:6:93:48":38,"b:92:6:92:42:93:6:93:48":14,"b:95:2:95:Infinity:undefined:undefined:undefined:undefined":15,"s:95:2:95:Infinity":39,"s:95:28:95:Infinity":40,"s:96:2:96:Infinity":41,"f:100:16:100:Infinity":7,"b:103:10:103:Infinity":16,"s:105:18:105:43":42,"b:106:2:106:Infinity:undefined:undefined:undefined:undefined":17,"s:106:2:106:Infinity":43,"b:106:6:106:18:106:18:106:40":18,"s:106:40:106:Infinity":44,"s:107:16:107:38":45,"s:108:18:109:Infinity":46,"f:108:26:108:34":8,"s:109:4:109:46":47,"b:111:2:111:Infinity:undefined:undefined:undefined:undefined":19,"s:111:2:111:Infinity":48,"s:111:28:111:Infinity":49,"s:112:2:112:Infinity":50,"f:116:16:116:31":9,"s:117:18:117:43":51,"b:118:2:118:Infinity:undefined:undefined:undefined:undefined":20,"s:118:2:118:Infinity":52,"s:118:16:118:Infinity":53,"s:119:14:119:52":54,"f:119:22:119:28":10,"s:119:34:119:52":55,"b:120:2:120:Infinity:undefined:undefined:undefined:undefined":21,"s:120:2:120:Infinity":56,"s:120:12:120:Infinity":57,"s:121:2:121:Infinity":58,"f:125:16:125:30":11,"s:126:18:126:43":59,"b:127:2:127:Infinity:undefined:undefined:undefined:undefined":22,"s:127:2:127:Infinity":60,"b:127:6:127:18:127:18:127:40":23,"s:127:40:127:Infinity":61,"s:128:16:128:Infinity":62,"s:132:2:141:Infinity":63,"s:133:21:133:42":64,"b:134:4:141:Infinity:140:11:141:Infinity":24,"s:134:4:141:Infinity":65,"b:134:8:134:21:134:21:134:54":25,"s:135:6:139:Infinity":66,"b:138:23:138:49:138:49:138:54":26,"s:141:6:141:Infinity":67,"s:144:16:149:Infinity":68,"f:145:5:145:11":12,"s:145:20:145:50":69,"f:146:5:146:10":13,"s:147:18:147:43":70,"s:148:6:148:Infinity":71,"s:150:2:150:Infinity":72,"f:153:9:153:23":14,"s:154:15:154:Infinity":73,"b:155:2:155:Infinity:undefined:undefined:undefined:undefined":27,"s:155:2:155:Infinity":74,"s:155:21:155:Infinity":75,"b:156
[...]
File","decl":{"start":{"line":14,"column":9},"end":{"line":14,"column":29}},"loc":{"start":{"line":14,"column":29},"end":{"line":32,"column":null}},"line":14},"1":{"name":"readOptionalFile","decl":{"start":{"line":37,"column":9},"end":{"line":37,"column":26}},"loc":{"start":{"line":37,"column":48},"end":{"line":43,"column":null}},"line":37},"2":{"name":"loadSystemPrompt","decl":{"start":{"line":46,"column":9},"end":{"line":46,"column":36}},"loc":{"start":{"line":46,"column":36},"end":{"line":96,"column":null}},"line":46},"3":{"name":"loadConfig","decl":{"start":{"line":99,"column":16},"end":{"line":99,"column":42}},"loc":{"start":{"line":99,"column":42},"end":{"line":128,"column":null}},"line":99}},"branchMap":{"0":{"loc":{"start":{"line":16,"column":2},"end":{"line":16,"column":null}},"type":"if","locations":[{"start":{"line":16,"column":2},"end":{"line":16,"column":null}},{"start":{},"end":{}}],"line":16},"1":{"loc":{"start":{"line":20,"column":4},"end":{"line":20,"column":null}},"type":"if","locations":[{"start":{"line":20,"column":4},"end":{"line":20,"column":null}},{"start":{},"end":{}}],"line":20},"2":{"loc":{"start":{"line":20,"column":8},"end":{"line":20,"column":43}},"type":"binary-expr","locations":[{"start":{"line":20,"column":8},"end":{"line":20,"column":20}},{"start":{"line":20,"column":20},"end":{"line":20,"column":43}}],"line":20},"3":{"loc":{"start":{"line":22,"column":4},"end":{"line":22,"column":null}},"type":"if","locations":[{"start":{"line":22,"column":4},"end":{"line":22,"column":null}},{"start":{},"end":{}}],"line":22},"4":{"loc":{"start":{"line":25,"column":4},"end":{"line":29,"column":null}},"type":"if","locations":[{"start":{"line":25,"column":4},"end":{"line":29,"column":null}},{"start":{},"end":{}}],"line":25},"5":{"loc":{"start":{"line":26,"column":7},"end":{"line":27,"column":51}},"type":"binary-expr","locations":[{"start":{"line":26,"column":7},"end":{"line":26,"column":28}},{"start":{"line":26,"column":32},"end":{"line":26,"column":51}},{"start":{"line":27,"column":7},"end":{"line":27,"column":28}},{"start":{"line":27,"column":32},"end":{"line":27,"column":51}}],"line":26},"6":{"loc":{"start":{"line":31,"column":4},"end":{"line":32,"column":null}},"type":"if","locations":[{"start":{"line":31,"column":4},"end":{"line":32,"column":null}},{"start":{},"end":{}}],"line":31},"7":{"loc":{"start":{"line":39,"column":4},"end":{"line":39,"column":null}},"type":"if","locations":[{"start":{"line":39,"column":4},"end":{"line":39,"column":null}},{"start":{},"end":{}}],"line":39},"8":{"loc":{"start":{"line":47,"column":2},"end":{"line":48,"column":null}},"type":"if","locations":[{"start":{"line":47,"column":2},"end":{"line":48,"column":null}},{"start":{},"end":{}}],"line":47},"9":{"loc":{"start":{"line":56,"column":2},"end":{"line":56,"column":null}},"type":"if","locations":[{"start":{"line":56,"column":2},"end":{"line":56,"column":null}},{"start":{},"end":{}}],"line":56},"10":{"loc":{"start":{"line":63,"column":13},"end":{"line":63,"column":74}},"type":"binary-expr","locations":[{"start":{"line":63,"column":13},"end":{"line":63,"column":23}},{"start":{"line":63,"column":23},"end":{"line":63,"column":40}},{"start":{"line":63,"column":40},"end":{"line":63,"column":74}}],"line":63},"11":{"loc":{"start":{"line":69,"column":2},"end":{"line":72,"column":null}},"type":"if","locations":[{"start":{"line":69,"column":2},"end":{"line":72,"column":null}},{"start":{},"end":{}}],"line":69},"12":{"loc":{"start":{"line":103,"column":4},"end":{"line":103,"column":null}},"type":"binary-expr","locations":[{"start":{"line":103,"column":4},"end":{"line":103,"column":35}},{"start":{"line":103,"column":35},"end":{"line":103,"column":69}},{"start":{"line":103,"column":69},"end":{"line":103,"column":null}}],"line":103},"13":{"loc":{"start":{"line":104,"column":2},"end":{"line":107,"column":null}},"type":"if","locations":[{"start":{"line":104,"column":2},"end":{"line":107,"column":null}},{"start":{},"end":{}}],"line":104},"14":{"loc":{"start":{"line":112,"column":11},"end":{"line":112,"column":null}},"type":"binary-expr","locations":[{"start":{"line":112,"column":11},"end":{"line":112,"column":38}},{"start":{"line":112,"column":38},"end":{"line":112,"column":null}}],"line":112},"15":{"loc":{"start":{"line":115,"column":6},"end":{"line":115,"column":50}},"type":"binary-expr","locations":[{"start":{"line":115,"column":6},"end":{"line":115,"column":37}},{"start":{"line":115,"column":37},"end":{"line":115,"column":50}}],"line":115},"16":{"loc":{"start":{"line":119,"column":6},"end":{"line":119,"column":null}},"type":"binary-expr","locations":[{"start":{"line":119,"column":6},"end":{"line":119,"column":47}},{"start":{"line":119,"column":47},"end":{"line":119,"column":null}}],"line":119},"17":{"loc":{"start":{"line":123,"column":6},"end":{"line":123,"column":null}},"type":"binary-expr","locations":[{"start":{"line":123,"column":6},"end":{"line":123,"column":46}},{"start":{"line":123,"column":46},"end":{"line":123,"column":null}}],"line":123},"18":{"loc":{"start":{"line":127,"column":6},"end":{"line":127,"column":null}},"type":"binary-expr","locations":[{"start":{"line":127,"column":6},"end":{"line":127,"column":43}},{"start":{"line":127,"column":43},"end":{"line":127,"column":null}}],"line":127}},"s":{"0":20,"1":20,"2":15,"3":5,"4":5,"5":13,"6":13,"7":4,"8":9,"9":9,"10":2,"11":7,"12":7,"13":7,"14":2,"15":7,"16":6,"17":72,"18":72,"19":1,"20":71,"21":19,"22":1,"23":18,"24":18,"25":18,"26":18,"27":1,"28":18,"29":18,"30":18,"31":19,"32":19,"33":0,"34":18,"35":18,"36":18,"37":20,"38":20,"39":20,"40":1,"41":19},"f":{"0":20,"1":72,"2":19,"3":20},"b":{"0":[15,5],"1":[4,9],"2":[13,11],"3":[2,7],"4":[2,5],"5":[7,1,6,1],"6":[6,1],"7":[1,71],"8":[1,18],"9":[1,17],"10":[18,18,18],"11":[0,19],"12":[20,2,1],"13":[1,19],"14":[19,16],"15":[20,19],"16":[20,19],"17":[20,18],"18":[20,18]},"meta":{"lastBranch":19,"lastFunction":4,"lastStatement":42,"seen":{"f:14:9:14:29":0,"s:15:8:15:48":0,"b:16:2:16:Infinity:undefined:undefined:undefined:undefined":0,"s:16:2:16:Infinity":1,"s:16:28:16:Infinity":2,"s:17:8:17:48":3,"s:18:2:32:Infinity":4,"s:19:20:19:31":5,"b:20:4:20:Infinity:undefined:undefined:undefined:undefined":1,"s:20:4:20:Infinity":6,"b:20:8:20:20:20:20:20:43":2,"s:20:45:20:Infinity":7,"s:21:15:21:35":8,"b:22:4:22:Infinity:undefined:undefined:undefined:undefined":3,"s:22:4:22:Infinity":9,"s:22:17:22:Infinity":10,"s:23:16:23:43":11,"s:24:16:24:44":12,"b:25:4:29:Infinity:undefined:undefined:undefined:undefined":4,"s:25:4:29:Infinity":13,"b:26:7:26:28:26:32:26:51:27:7:27:28:27:32:27:51":5,"s:29:6:29:Infinity":14,"b:31:4:32:Infinity:undefined:undefined:undefined:undefined":6,"s:31:4:32:Infinity":15,"s:32:6:32:Infinity":16,"f:37:9:37:26":1,"s:38:2:40:Infinity":17,"b:39:4:39:Infinity:undefined:undefined:undefined:undefined":7,"s:39:4:39:Infinity":18,"s:39:26:39:Infinity":19,"s:43:2:43:Infinity":20,"f:46:9:46:36":2,"b:47:2:48:Infinity:undefined:undefined:undefined:undefined":8,"s:47:2:48:Infinity":21,"s:48:4:48:Infinity":22,"s:51:15:51:28":23,"s:52:26:52:28":24,"s:55:15:55:68":25,"b:56:2:56:Infinity:undefined:undefined:undefined:undefined":9,"s:56:2:56:Infinity":26,"s:56:12:56:Infinity":27,"s:59:17:59:72":28,"s:60:24:61:Infinity":29,"s:63:2:63:Infinity":30,"b:63:13:63:23:63:23:63:40:63:40:63:74":10,"s:66:17:67:Infinity":31,"b:69:2:72:Infinity:undefined:undefined:undefined:undefined":11,"s:69:2:72:Infinity":32,"s:70:4:72:Infinity":33,"s:75:2:91:Infinity":34,"s:94:2:94:Infinity":35,"s:96:2:96:Infinity":36,"f:99:16:99:42":3,"s:100:2:100:Infinity":37,"s:103:4:103:Infinity":38,"b:103:4:103:35:103:35:103:69:103:69:103:Infinity":12,"b:104:2:107:Infinity:undefined:undefined:undefined:undefined":13,"s:104:2:107:Infinity":39,"s:105:4:107:Infinity":40,"s:110:2:128:Infinity":41,"b:112:11:112:38:112:38:112:Infinity":14,"b:115:6:115:37:115:37:115:50":15,"b:119:6:119:47:119:47:119:Infinity":16,"b:123:6:123:46:123:46:123:Infinity":17,"b:127:6:127:43:127:43:127:Infinity":18}}}
,"/home/dylan/telegram-claude-agent/src/util/log.ts": {"path":"/home/dylan/telegram-claude-agent/src/util/log.ts","statementMap":{"0":{"start":{"line":22,"column":14},"end":{"line":22,"column":24}},"1":{"start":{"line":23,"column":2},"end":{"line":23,"column":null}},"2":{"start":{"line":27,"column":2},"end":{"line":27,"column":null}},"3":{"start":{"line":35,"column":17},"end":{"line":35,"column":null}},"4":{"start":{"line":36,"column":17},"end":{"line":36,"column":null}},"5":{"start":{"line":37,"column":2},"end":{"line":37,"column":null}},"6":{"start":{"line":41,"column":2},"end":{"line":41,"column":null}}},"fnMap":{"0":{"name":"timestamp","decl":{"start":{"line":21,"column":9},"end":{"line":21,"column":29}},"loc":{"start":{"line":21,"column":29},"end":{"line":23,"column":null}},"line":21},"1":{"name":"log","decl":{"start":{"line":26,"column":16},"end":{"line":26,"column":20}},"loc":{"start":{"line":26,"column":68},"end":{"line":27,"column":null}},"line":26},"2":{"name":"logError","decl":{"start":{"line":30,"column":16},"end":{"line":30,"column":null}},"loc":{"start":{"line":34,"column":8},"end":{"line":37,"column":null}},"line":34},"3":{"name":"logWarn","decl":{"start":{"line":40,"column":16},"end":{"line":40,"column":24}},"loc":{"start":{"line":40,"column":72},"end":{"line":41,"column":null}},"line":40}},"branchMap":{"0":{"loc":{"start":{"line":35,"column":17},"end":{"line":35,"column":null}},"type":"cond-expr","locations":[{"start":{"line":35,"column":40},"end":{"line":35,"column":54}},{"start":{"line":35,"column":54},"end":{"line":35,"column":null}}],"line":35},"1":{"loc":{"start":{"line":35,"column":54},"end":{"line":35,"column":null}},"type":"cond-expr","locations":[{"start":{"line":35,"column":60},"end":{"line":35,"column":71}},{"start":{"line":35,"column":74},"end":{"line":35,"column":null}}],"line":35},"2":{"loc":{"start":{"line":36,"column":17},"end":{"line":36,"column":null}},"type":"cond-expr","locations":[{"start":{"line":36,"column":26},"end":{"line":36,"column":42}},{"start":{"line":36,"column":42},"end":{"line":36,"column":null}}],"line":36}},"s":{"0":26,"1":26,"2":17,"3":6,"4":6,"5":6,"6":3},"f":{"0":26,"1":17,"2":6,"3":3},"b":{"0":[1,5],"1":[2,3],"2":[3,3]},"meta":{"lastBranch":3,"lastFunction":4,"lastStatement":7,"seen":{"f:21:9:21:29":0,"s:22:14:22:24":0,"s:23:2:23:Infinity":1,"f:26:16:26:20":1,"s:27:2:27:Infinity":2,"f:30:16:30:Infinity":2,"s:35:17:35:Infinity":3,"b:35:40:35:54:35:54:35:Infinity":0,"b:35:60:35:71:35:74:35:Infinity":1,"s:36:17:36:Infinity":4,"b:36:26:36:42:36:42:36:Infinity":2,"s:37:2:37:Infinity":5,"f:40:16:40:24":3,"s:41:2:41:Infinity":6}}}
,"/home/dylan/telegram-claude-agent/src/util/watchdog.ts": {"path":"/home/dylan/telegram-claude-agent/src/util/watchdog.ts","statementMap":{"0":{"start":{"line":10,"column":22},"end":{"line":10,"column":32}},"1":{"start":{"line":11,"column":29},"end":{"line":11,"column":null}},"2":{"start":{"line":12,"column":18},"end":{"line":12,"column":28}},"3":{"start":{"line":16,"column":2},"end":{"line":16,"column":null}},"4":{"start":{"line":17,"column":2},"end":{"line":17,"column":null}},"5":{"start":{"line":22,"column":2},"end":{"line":22,"column":null}},"6":{"start":{"line":27,"column":2},"end":{"line":27,"column":null}},"7":{"start":{"line":37,"column":36},"end":{"line":37,"column":38}},"8":{"start":{"line":38,"column":19},"end":{"line":38,"column":null}},"9":{"start":{"line":42,"column":2},"end":{"line":42,"column":null}},"10":{"start":{"line":43,"column":2},"end":{"line":44,"column":null}},"11":{"start":{"line":44,"column":4},"end":{"line":44,"column":null}},"12":{"start":{"line":50,"column":2},"end":{"line":50,"column":null}},"13":{"start":{"line":55,"column":27},"end":{"line":55,"column":null}},"14":{"start":{"line":56,"column":59},"end":{"line":56,"column":null}},"15":{"start":{"line":59,"column":2},"end":{"line":59,"column":null}},"16":{"start":{"line":59,"column":21},"end":{"line":59,"column":null}},"17":{"start":{"line":61,"column":2},"end":{"line":67,"column":null}},"18":{"start":{"line":62,"column":20},"end":{"line":62,"column":null}},"19":{"start":{"line":63,"column":4},"end":{"line":65,"column":null}},"20":{"start":{"line":64,"column":19},"end":{"line":64,"column":46}},"21":{"start":{"line":65,"column":6},"end":{"line":65,"column":null}},"22":{"start":{"line":71,"column":2},"end":{"line":73,"column":null}},"23":{"start":{"line":72,"column":4},"end":{"line":72,"column":null}},"24":{"start":{"line":73,"column":4},"end":{"line":73,"column":null}},"25":{"start":{"line":90,"column":14},"end":{"line":90,"column":24}},"26":{"start":{"line":91,"column":2},"end":{"line":98,"column":null}}},"fnMap":{"0":{"name":"recordMessageProcessed","decl":{"start":{"line":15,"column":16},"end":{"line":15,"column":47}},"loc":{"start":{"line":15,"column":47},"end":{"line":17,"column":null}},"line":15},"1":{"name":"getTotalMessagesProcessed","decl":{"start":{"line":21,"column":16},"end":{"line":21,"column":52}},"loc":{"start":{"line":21,"column":52},"end":{"line":22,"column":null}},"line":21},"2":{"name":"getUptimeMs","decl":{"start":{"line":26,"column":16},"end":{"line":26,"column":38}},"loc":{"start":{"line":26,"column":38},"end":{"line":27,"column":null}},"line":26},"3":{"name":"recordError","decl":{"start":{"line":41,"column":16},"end":{"line":41,"column":28}},"loc":{"start":{"line":41,"column":51},"end":{"line":44,"column":null}},"line":41},"4":{"name":"getRecentErrors","decl":{"start":{"line":49,"column":16},"end":{"line":49,"column":32}},"loc":{"start":{"line":49,"column":58},"end":{"line":50,"column":null}},"line":49},"5":{"name":"startWatchdog","decl":{"start":{"line":58,"column":16},"end":{"line":58,"column":38}},"loc":{"start":{"line":58,"column":38},"end":{"line":67,"column":null}},"line":58},"6":{"name":"(anonymous_6)","decl":{"start":{"line":61,"column":18},"end":{"line":61,"column":36}},"loc":{"start":{"line":61,"column":36},"end":{"line":67,"column":12}},"line":61},"7":{"name":"stopWatchdog","decl":{"start":{"line":70,"column":16},"end":{"line":70,"column":37}},"loc":{"start":{"line":70,"column":37},"end":{"line":73,"column":null}},"line":70},"8":{"name":"getHealthStatus","decl":{"start":{"line":89,"column":16},"end":{"line":89,"column":48}},"loc":{"start":{"line":89,"column":48},"end":{"line":98,"column":null}},"line":89}},"branchMap":{"0":{"loc":{"start":{"line":43,"column":2},"end":{"line":44,"column":null}},"type":"if","locations":[{"start":{"line":43,"column":2},"end":{"line":44,"column":null}},{"start":{},"end":{}}],"line":43},"1":{"loc":{"start":{"line":49,"column":32},"end":{"line":49,"column":58}},"type":"default-arg","locations":[{"start":{"line":49,"column":40},"end":{"line":49,"column":58}}],"line":49},"2":{"loc":{"start":{"line":59,"column":2},"end":{"line":59,"column":null}},"type":"if","locations":[{"start":{"line":59,"column":2},"end":{"line":59,"column":null}},{"start":{},"end":{}}],"line":59},"3":{"loc":{"start":{"line":63,"column":4},"end":{"line":65,"column":null}},"type":"if","locations":[{"start":{"line":63,"column":4},"end":{"line":65,"column":null}},{"start":{},"end":{}}],"line":63},"4":{"loc":{"start":{"line":63,"column":8},"end":{"line":63,"column":68}},"type":"binary-expr","locations":[{"start":{"line":63,"column":8},"end":{"line":63,"column":38}},{"start":{"line":63,"column":38},"end":{"line":63,"column":68}}],"line":63},"5":{"loc":{"start":{"line":71,"column":2},"end":{"line":73,"column":null}},"type":"if","locations":[{"start":{"line":71,"column":2},"end":{"line":73,"column":null}},{"start":{},"end":{}}],"line":71}},"s":{"0":1,"1":1,"2":1,"3":4,"4":4,"5":2,"6":1,"7":1,"8":1,"9":37,"10":37,"11":17,"12":4,"13":1,"14":1,"15":6,"16":1,"17":5,"18":0,"19":0,"20":0,"21":0,"22":11,"23":5,"24":5,"25":5,"26":5},"f":{"0":4,"1":2,"2":1,"3":37,"4":4,"5":6,"6":0,"7":11,"8":5},"b":{"0":[17,20],"1":[4],"2":[1,5],"3":[0,0],"4":[0,0],"5":[5,6]},"meta":{"lastBranch":6,"lastFunction":9,"lastStatement":27,"seen":{"s:10:22:10:32":0,"s:11:29:11:Infinity":1,"s:12:18:12:28":2,"f:15:16:15:47":0,"s:16:2:16:Infinity":3,"s:17:2:17:Infinity":4,"f:21:16:21:52":1,"s:22:2:22:Infinity":5,"f:26:16:26:38":2,"s:27:2:27:Infinity":6,"s:37:36:37:38":7,"s:38:19:38:Infinity":8,"f:41:16:41:28":3,"s:42:2:42:Infinity":9,"b:43:2:44:Infinity:undefined:undefined:undefined:undefined":0,"s:43:2:44:Infinity":10,"s:44:4:44:Infinity":11,"f:49:16:49:32":4,"b:49:40:49:58":1,"s:50:2:50:Infinity":12,"s:55:27:55:Infinity":13,"s:56:59:56:Infinity":14,"f:58:16:58:38":5,"b:59:2:59:Infinity:undefined:undefined:undefined:undefined":2,"s:59:2:59:Infinity":15,"s:59:21:59:Infinity":16,"s:61:2:67:Infinity":17,"f:61:18:61:36":6,"s:62:20:62:Infinity":18,"b:63:4:65:Infinity:undefined:undefined:undefined:undefined":3,"s:63:4:65:Infinity":19,"b:63:8:63:38:63:38:63:68":4,"s:64:19:64:46":20,"s:65:6:65:Infinity":21,"f:70:16:70:37":7,"b:71:2:73:Infinity:undefined:undefined:undefined:undefined":5,"s:71:2:73:Infinity":22,"s:72:4:72:Infinity":23,"s:73:4:73:Infinity":24,"f:89:16:89:48":8,"s:90:14:90:24":25,"s:91:2:98:Infinity":26}}}
,"/home/dylan/telegram-claude-agent/src/util/workspace.ts": {"path":"/home/dylan/telegram-claude-agent/src/util/workspace.ts","statementMap":{"0":{"start":{"line":11,"column":2},"end":{"line":12,"column":null}},"1":{"start":{"line":12,"column":4},"end":{"line":12,"column":null}},"2":{"start":{"line":18,"column":14},"end":{"line":18,"column":null}},"3":{"start":{"line":20,"column":4},"end":{"line":28,"column":null}},"4":{"start":{"line":21,"column":6},"end":{"line":25,"column":null}},"5":{"start":{"line":22,"column":14},"end":{"line":22,"column":42}},"6":{"start":{"line":23,"column":8},"end":{"line":25,"column":null}},"7":{"start":{"line":23,"column":33},"end":{"line":23,"column":null}},"8":{"start":{"line":24,"column":17},"end":{"line":25,"column":null}},"9":{"start":{"line":25,"column":10},"end":{"line":25,"column":null}},"10":{"start":{"line":25,"column":16},"end":{"line":25,"column":54}},"11":{"start":{"line":30,"column":2},"end":{"line":30,"column":null}},"12":{"start":{"line":31,"column":2},"end":{"line":31,"column":null}}},"fnMap":{"0":{"name":"initWorkspace","decl":{"start":{"line":10,"column":16},"end":{"line":10,"column":30}},"loc":{"start":{"line":10,"column":50},"end":{"line":12,"column":null}},"line":10},"1":{"name":"getWorkspaceDiskUsage","decl":{"start":{"line":17,"column":16},"end":{"line":17,"column":38}},"loc":{"start":{"line":17,"column":60},"end":{"line":31,"column":null}},"line":17},"2":{"name":"walk","decl":{"start":{"line":19,"column":11},"end":{"line":19,"column":16}},"loc":{"start":{"line":19,"column":35},"end":{"line":28,"column":null}},"line":19}},"branchMap":{"0":{"loc":{"start":{"line":11,"column":2},"end":{"line":12,"column":null}},"type":"if","locations":[{"start":{"line":11,"column":2},"end":{"line":12,"column":null}},{"start":{},"end":{}}],"line":11},"1":{"loc":{"start":{"line":23,"column":8},"end":{"line":25,"column":null}},"type":"if","locations":[{"start":{"line":23,"column":8},"end":{"line":25,"column":null}},{"start":{"line":24,"column":17},"end":{"line":25,"column":null}}],"line":23},"2":{"loc":{"start":{"line":24,"column":17},"end":{"line":25,"column":null}},"type":"if","locations":[{"start":{"line":24,"column":17},"end":{"line":25,"column":null}},{"start":{},"end":{}}],"line":24}},"s":{"0":2,"1":1,"2":3,"3":4,"4":4,"5":3,"6":3,"7":1,"8":2,"9":2,"10":2,"11":3,"12":3},"f":{"0":2,"1":3,"2":4},"b":{"0":[1,1],"1":[1,2],"2":[2,0]},"meta":{"lastBranch":3,"lastFunction":3,"lastStatement":13,"seen":{"f:10:16:10:30":0,"b:11:2:12:Infinity:undefined:undefined:undefined:undefined":0,"s:11:2:12:Infinity":0,"s:12:4:12:Infinity":1,"f:17:16:17:38":1,"s:18:14:18:Infinity":2,"f:19:11:19:16":2,"s:20:4:28:Infinity":3,"s:21:6:25:Infinity":4,"s:22:14:22:42":5,"b:23:8:25:Infinity:24:17:25:Infinity":1,"s:23:8:25:Infinity":6,"s:23:33:23:Infinity":7,"b:24:17:25:Infinity:undefined:undefined:undefined:undefined":2,"s:24:17:25:Infinity":8,"s:25:10:25:Infinity":9,"s:25:16:25:54":10,"s:30:2:30:Infinity":11,"s:31:2:31:Infinity":12}}}
}
